Using pre-set license
Built from '2020.3/staging' branch; Version is '2020.3.19f1 (68f137dc9bbe) revision 6877495'; Using compiler version '192528614'; Build Type 'Release'
OS: 'Windows 10 Pro; OS build 19042.1586; Version 2009; 64bit' Language: 'tr' Physical Memory: 16302 MB
BatchMode: 1, IsHumanControllingUs: 0, StartBugReporterOnCrash: 0, Is64bit: 1, IsPro: 0

COMMAND LINE ARGUMENTS:
C:\Program Files\Unity\Hub\Editor\2020.3.19f1\Editor\Unity.exe
-adb2
-batchMode
-noUpm
-name
AssetImportWorker0
-projectPath
C:/Users/Emre YETİŞ/Desktop/UNİTY/UnityLearn/Prototype 2/Prototype2
-logFile
Logs/AssetImportWorker0.log
-srvPort
61453
Successfully changed project path to: C:/Users/Emre YETİŞ/Desktop/UNİTY/UnityLearn/Prototype 2/Prototype2
C:/Users/Emre YETİŞ/Desktop/UNİTY/UnityLearn/Prototype 2/Prototype2
Using Asset Import Pipeline V2.
Refreshing native plugins compatible for Editor in 31.07 ms, found 2 plugins.
Preloading 0 native plugins for Editor in 0.00 ms.
Initialize engine version: 2020.3.19f1 (68f137dc9bbe)
[Subsystems] Discovering subsystems at path C:/Program Files/Unity/Hub/Editor/2020.3.19f1/Editor/Data/Resources/UnitySubsystems
[Subsystems] Discovering subsystems at path C:/Users/Emre YETİŞ/Desktop/UNİTY/UnityLearn/Prototype 2/Prototype2/Assets
GfxDevice: creating device client; threaded=0
Direct3D:
    Version:  Direct3D 11.0 [level 11.1]
    Renderer: NVIDIA GeForce GTX 1060 3GB (ID=0x1c02)
    Vendor:   
    VRAM:     2988 MB
    Driver:   30.0.15.1165
Initialize mono
Mono path[0] = 'C:/Program Files/Unity/Hub/Editor/2020.3.19f1/Editor/Data/Managed'
Mono path[1] = 'C:/Program Files/Unity/Hub/Editor/2020.3.19f1/Editor/Data/MonoBleedingEdge/lib/mono/unityjit'
Mono config path = 'C:/Program Files/Unity/Hub/Editor/2020.3.19f1/Editor/Data/MonoBleedingEdge/etc'
Using monoOptions --debugger-agent=transport=dt_socket,embedding=1,server=y,suspend=n,address=127.0.0.1:56088
Begin MonoManager ReloadAssembly
Registering precompiled unity dll's ...
Register platform support module: C:/Program Files/Unity/Hub/Editor/2020.3.19f1/Editor/Data/PlaybackEngines/WebGLSupport/UnityEditor.WebGL.Extensions.dll
Register platform support module: C:/Program Files/Unity/Hub/Editor/2020.3.19f1/Editor/Data/PlaybackEngines/WindowsStandaloneSupport/UnityEditor.WindowsStandalone.Extensions.dll
Registered in 0.002750 seconds.
Native extension for WindowsStandalone target not found
Native extension for WebGL target not found
Refreshing native plugins compatible for Editor in 30.07 ms, found 2 plugins.
Preloading 0 native plugins for Editor in 0.00 ms.
Mono: successfully reloaded assembly
- Completed reload, in  2.054 seconds
Domain Reload Profiling:
	ReloadAssembly (2054ms)
		BeginReloadAssembly (56ms)
			ExecutionOrderSort (0ms)
			DisableScriptedObjects (0ms)
			BackupInstance (0ms)
			ReleaseScriptingObjects (0ms)
			CreateAndSetChildDomain (1ms)
		EndReloadAssembly (417ms)
			LoadAssemblies (54ms)
			RebuildTransferFunctionScriptingTraits (0ms)
			SetupTypeCache (155ms)
			ReleaseScriptCaches (0ms)
			RebuildScriptCaches (30ms)
			SetupLoadedEditorAssemblies (160ms)
				LogAssemblyErrors (0ms)
				InitializePlatformSupportModulesInManaged (5ms)
				SetLoadedEditorAssemblies (0ms)
				RefreshPlugins (30ms)
				BeforeProcessingInitializeOnLoad (17ms)
				ProcessInitializeOnLoadAttributes (80ms)
				ProcessInitializeOnLoadMethodAttributes (28ms)
				AfterProcessingInitializeOnLoad (0ms)
				EditorAssembliesLoaded (0ms)
			ExecutionOrderSort2 (0ms)
			AwakeInstancesAfterBackupRestoration (0ms)
Platform modules already initialized, skipping
Registering precompiled user dll's ...
Registered in 0.003223 seconds.
Begin MonoManager ReloadAssembly
Native extension for WindowsStandalone target not found
Native extension for WebGL target not found
Refreshing native plugins compatible for Editor in 0.32 ms, found 2 plugins.
Preloading 0 native plugins for Editor in 0.00 ms.
Mono: successfully reloaded assembly
- Completed reload, in  1.115 seconds
Domain Reload Profiling:
	ReloadAssembly (1116ms)
		BeginReloadAssembly (148ms)
			ExecutionOrderSort (0ms)
			DisableScriptedObjects (5ms)
			BackupInstance (0ms)
			ReleaseScriptingObjects (0ms)
			CreateAndSetChildDomain (17ms)
		EndReloadAssembly (904ms)
			LoadAssemblies (91ms)
			RebuildTransferFunctionScriptingTraits (0ms)
			SetupTypeCache (289ms)
			ReleaseScriptCaches (0ms)
			RebuildScriptCaches (58ms)
			SetupLoadedEditorAssemblies (333ms)
				LogAssemblyErrors (0ms)
				InitializePlatformSupportModulesInManaged (7ms)
				SetLoadedEditorAssemblies (1ms)
				RefreshPlugins (0ms)
				BeforeProcessingInitializeOnLoad (86ms)
				ProcessInitializeOnLoadAttributes (228ms)
				ProcessInitializeOnLoadMethodAttributes (4ms)
				AfterProcessingInitializeOnLoad (7ms)
				EditorAssembliesLoaded (0ms)
			ExecutionOrderSort2 (0ms)
			AwakeInstancesAfterBackupRestoration (7ms)
Platform modules already initialized, skipping
========================================================================
Worker process is ready to serve import requests
Launched and connected shader compiler UnityShaderCompiler.exe after 0.10 seconds
Refreshing native plugins compatible for Editor in 0.31 ms, found 2 plugins.
Preloading 0 native plugins for Editor in 0.00 ms.
Unloading 1402 Unused Serialized files (Serialized files now loaded: 0)
System memory in use before: 65.4 MB.
System memory in use after: 65.5 MB.

Unloading 16 unused Assets to reduce memory usage. Loaded Objects now: 1838.
Total: 3.329600 ms (FindLiveObjects: 0.151800 ms CreateObjectMapping: 0.050800 ms MarkObjects: 3.052200 ms  DeleteObjects: 0.073000 ms)

AssetImportParameters requested are different than current active one (requested -> active):
  custom:framework-win-MediaFoundation: 216162199b28c13a410421893ffa2e32 -> 
  custom:video-decoder-ogg-theora: a1e56fd34408186e4bbccfd4996cb3dc -> 
  custom:container-muxer-webm: aa71ff27fc2769a1b78a27578f13a17b -> 
  custom:container-demuxer-webm: 4f35f7cbe854078d1ac9338744f61a02 -> 
  custom:container-demuxer-ogg: 62fdf1f143b41e24485cea50d1cbac27 -> 
  custom:video-encoder-webm-vp8: eb34c28f22e8b96e1ab97ce403110664 -> 
  custom:video-decoder-webm-vp8: 9c59270c3fd7afecdb556c50c9e8de78 -> 
  custom:audio-decoder-ogg-vorbis: bf7c407c2cedff20999df2af8eb42d56 -> 
  custom:audio-encoder-webm-vorbis: bf7c407c2cedff20999df2af8eb42d56 -> 
========================================================================
Received Import Request.
  path: Assets/Course Library/_Source_Files/FBX/SimpleFarm_Characters.fbx
  artifactKey: Guid(aaf0205bbf9d1a4458899575eed1c962) Importer(815301076,1909f56bfc062723c751e8b465ee728b)
Start importing Assets/Course Library/_Source_Files/FBX/SimpleFarm_Characters.fbx using Guid(aaf0205bbf9d1a4458899575eed1c962) Importer(815301076,1909f56bfc062723c751e8b465ee728b)  -> (artifact id: 'c15dc44f8b28b1cd4962d323e7f5f741') in 0.323492 seconds 
  Import took 0.327304 seconds .

========================================================================
Received Import Request.
  Time since last request: 0.010443 seconds.
  path: Assets/Course Library/_Source_Files/Materials/SimpleForestAnimals.mat
  artifactKey: Guid(a47734c228690c7408645b04cd1a2550) Importer(815301076,1909f56bfc062723c751e8b465ee728b)
Start importing Assets/Course Library/_Source_Files/Materials/SimpleForestAnimals.mat using Guid(a47734c228690c7408645b04cd1a2550) Importer(815301076,1909f56bfc062723c751e8b465ee728b)  -> (artifact id: '059998d383d6ad5e0f6e8dd7f43e916d') in 0.047166 seconds 
  Import took 0.049641 seconds .

========================================================================
Received Import Request.
  Time since last request: 0.012856 seconds.
  path: Assets/Course Library/_Source_Files/FBX/Fox.fbx
  artifactKey: Guid(f000ecb3e2f790d45bb3459ad897cb3e) Importer(815301076,1909f56bfc062723c751e8b465ee728b)
Start importing Assets/Course Library/_Source_Files/FBX/Fox.fbx using Guid(f000ecb3e2f790d45bb3459ad897cb3e) Importer(815301076,1909f56bfc062723c751e8b465ee728b)  -> (artifact id: '026766f83a995bf4ec5227f5d63f1c8d') in 0.134174 seconds 
  Import took 0.137830 seconds .

========================================================================
Received Import Request.
  Time since last request: 0.010159 seconds.
  path: Assets/Course Library/_Source_Files/Textures/Texture_Sand.png
  artifactKey: Guid(1d77cecaeaa637a4386def007c1a1e4d) Importer(815301076,1909f56bfc062723c751e8b465ee728b)
Start importing Assets/Course Library/_Source_Files/Textures/Texture_Sand.png using Guid(1d77cecaeaa637a4386def007c1a1e4d) Importer(815301076,1909f56bfc062723c751e8b465ee728b)  -> (artifact id: 'af8f26182c94253737b47dbd83628871') in 0.026745 seconds 
  Import took 0.028962 seconds .

========================================================================
Received Import Request.
  Time since last request: 0.018714 seconds.
  path: Assets/Course Library/_Source_Files/Textures/SimpleFarmer_FarmersWife_Black.png
  artifactKey: Guid(1d2be5615bea5d44f97a1c40b5c11815) Importer(815301076,1909f56bfc062723c751e8b465ee728b)
Start importing Assets/Course Library/_Source_Files/Textures/SimpleFarmer_FarmersWife_Black.png using Guid(1d2be5615bea5d44f97a1c40b5c11815) Importer(815301076,1909f56bfc062723c751e8b465ee728b)  -> (artifact id: '21131104226cfce7259f6f99b8e7ffd5') in 0.012779 seconds 
  Import took 0.015109 seconds .

========================================================================
Received Import Request.
  Time since last request: 0.026195 seconds.
  path: Assets/Course Library/_Source_Files/FBX/Items_EnergyCan_01.fbx
  artifactKey: Guid(6b10d5dd38b22314f932fba49fc26253) Importer(815301076,1909f56bfc062723c751e8b465ee728b)
Start importing Assets/Course Library/_Source_Files/FBX/Items_EnergyCan_01.fbx using Guid(6b10d5dd38b22314f932fba49fc26253) Importer(815301076,1909f56bfc062723c751e8b465ee728b)  -> (artifact id: '7abe5610921b823d0c1055d8a8161e33') in 0.014724 seconds 
  Import took 0.016996 seconds .

========================================================================
Received Import Request.
  Time since last request: 0.006595 seconds.
  path: Assets/Course Library/_Source_Files/Misc/SA_Animal_Chick.controller
  artifactKey: Guid(fcb5ec06ce1a1d0468b35327576bb69a) Importer(815301076,1909f56bfc062723c751e8b465ee728b)
Start importing Assets/Course Library/_Source_Files/Misc/SA_Animal_Chick.controller using Guid(fcb5ec06ce1a1d0468b35327576bb69a) Importer(815301076,1909f56bfc062723c751e8b465ee728b)  -> (artifact id: 'bf798c107d2101791c77dfa2d62fabef') in 0.009750 seconds 
  Import took 0.012075 seconds .

========================================================================
Received Import Request.
  Time since last request: 0.025999 seconds.
  path: Assets/Course Library/Materials/Material_Gravel.mat
  artifactKey: Guid(238e68fd68e894d1fa27387d26f026f0) Importer(815301076,1909f56bfc062723c751e8b465ee728b)
Start importing Assets/Course Library/Materials/Material_Gravel.mat using Guid(238e68fd68e894d1fa27387d26f026f0) Importer(815301076,1909f56bfc062723c751e8b465ee728b)  -> (artifact id: 'ff206f21750bf7625c145fcf1ea67989') in 0.017364 seconds 
  Import took 0.019675 seconds .

========================================================================
Received Import Request.
  Time since last request: 0.026952 seconds.
  path: Assets/Course Library/_Source_Files/FBX/SM_Prop_Steak_01.fbx
  artifactKey: Guid(c55426ee7a822ec4c8ceed2eb60a805e) Importer(815301076,1909f56bfc062723c751e8b465ee728b)
Start importing Assets/Course Library/_Source_Files/FBX/SM_Prop_Steak_01.fbx using Guid(c55426ee7a822ec4c8ceed2eb60a805e) Importer(815301076,1909f56bfc062723c751e8b465ee728b)  -> (artifact id: 'b234f8df2a3647afe62617c747c44ef4') in 0.013907 seconds 
  Import took 0.016198 seconds .

========================================================================
Received Import Request.
  Time since last request: 0.004458 seconds.
  path: Assets/Course Library/_Source_Files/Textures
  artifactKey: Guid(ae9b7b5b6dddb4009817f870c10d2d26) Importer(815301076,1909f56bfc062723c751e8b465ee728b)
Start importing Assets/Course Library/_Source_Files/Textures using Guid(ae9b7b5b6dddb4009817f870c10d2d26) Importer(815301076,1909f56bfc062723c751e8b465ee728b)  -> (artifact id: '62348aec4f5efbd6f6385b1b71c2b32c') in 0.005468 seconds 
  Import took 0.007759 seconds .

========================================================================
Received Import Request.
  Time since last request: 0.005645 seconds.
  path: Assets/Course Library/_Source_Files/Materials/SimpleAnimalsFarm.mat
  artifactKey: Guid(185ca34253615de44926902d54fb6f1d) Importer(815301076,1909f56bfc062723c751e8b465ee728b)
Start importing Assets/Course Library/_Source_Files/Materials/SimpleAnimalsFarm.mat using Guid(185ca34253615de44926902d54fb6f1d) Importer(815301076,1909f56bfc062723c751e8b465ee728b)  -> (artifact id: '1e50f98a4297b9a2a4736fa6c60d79e7') in 0.011554 seconds 
  Import took 0.013838 seconds .

========================================================================
Received Import Request.
  Time since last request: 0.010466 seconds.
  path: Assets/Course Library/_Source_Files/Materials/Gray.mat
  artifactKey: Guid(755a8ab3a8f607b4eb3106d48b449755) Importer(815301076,1909f56bfc062723c751e8b465ee728b)
Start importing Assets/Course Library/_Source_Files/Materials/Gray.mat using Guid(755a8ab3a8f607b4eb3106d48b449755) Importer(815301076,1909f56bfc062723c751e8b465ee728b)  -> (artifact id: '21ab8680ad4dc257dab8015aba860825') in 0.011145 seconds 
  Import took 0.013437 seconds .

========================================================================
Received Import Request.
  Time since last request: 0.006310 seconds.
  path: Assets/Course Library/_Source_Files/Misc/SFA_Animal_Fox.controller
  artifactKey: Guid(2c635c4a73fa65c4c9271526dd38e163) Importer(815301076,1909f56bfc062723c751e8b465ee728b)
Start importing Assets/Course Library/_Source_Files/Misc/SFA_Animal_Fox.controller using Guid(2c635c4a73fa65c4c9271526dd38e163) Importer(815301076,1909f56bfc062723c751e8b465ee728b)  -> (artifact id: '8fa463645438101f67f1198a71899dc9') in 0.009912 seconds 
  Import took 0.012520 seconds .

========================================================================
Received Import Request.
  Time since last request: 0.056518 seconds.
  path: Assets/Scripts/PlayerController.cs
  artifactKey: Guid(c21a80b127e8e3c4986537c853e830f3) Importer(815301076,1909f56bfc062723c751e8b465ee728b)
Start importing Assets/Scripts/PlayerController.cs using Guid(c21a80b127e8e3c4986537c853e830f3) Importer(815301076,1909f56bfc062723c751e8b465ee728b)  -> (artifact id: '91d4c0e13830a8cca60d7499e6c92533') in 0.010163 seconds 
  Import took 0.012530 seconds .

========================================================================
Received Import Request.
  Time since last request: 0.006389 seconds.
  path: Assets/Course Library/_Source_Files/Misc/SA_Animal_Horse.controller
  artifactKey: Guid(8d09d925d62f9924488c35d1fc609194) Importer(815301076,1909f56bfc062723c751e8b465ee728b)
Start importing Assets/Course Library/_Source_Files/Misc/SA_Animal_Horse.controller using Guid(8d09d925d62f9924488c35d1fc609194) Importer(815301076,1909f56bfc062723c751e8b465ee728b)  -> (artifact id: '2a0a697b598e664b8f7fd924e95a0d41') in 0.010381 seconds 
  Import took 0.012846 seconds .

========================================================================
Received Import Request.
  Time since last request: 0.017827 seconds.
  path: Assets/Course Library/_Source_Files/Misc/SD_Animal_Dog.controller
  artifactKey: Guid(d7ff2687a5152784496920a366fcc30e) Importer(815301076,1909f56bfc062723c751e8b465ee728b)
Start importing Assets/Course Library/_Source_Files/Misc/SD_Animal_Dog.controller using Guid(d7ff2687a5152784496920a366fcc30e) Importer(815301076,1909f56bfc062723c751e8b465ee728b)  -> (artifact id: '674ddd6cded19439b8c67226da597ab4') in 0.031058 seconds 
  Import took 0.033947 seconds .

========================================================================
Received Import Request.
  Time since last request: 0.006979 seconds.
  path: Assets/Course Library/_Source_Files/FBX/Materials/lambert1.mat
  artifactKey: Guid(b5bdda44c83a585428ee3c69aba3c980) Importer(815301076,1909f56bfc062723c751e8b465ee728b)
Start importing Assets/Course Library/_Source_Files/FBX/Materials/lambert1.mat using Guid(b5bdda44c83a585428ee3c69aba3c980) Importer(815301076,1909f56bfc062723c751e8b465ee728b)  -> (artifact id: 'f06a46608261fe25ec74d3e71136e312') in 0.011986 seconds 
  Import took 0.014303 seconds .

========================================================================
Received Import Request.
  Time since last request: 0.009472 seconds.
  path: Assets/Course Library/_Source_Files/FBX/SM_Prop_Bone_01.fbx
  artifactKey: Guid(828481e15b18a254c882f17660366d71) Importer(815301076,1909f56bfc062723c751e8b465ee728b)
Start importing Assets/Course Library/_Source_Files/FBX/SM_Prop_Bone_01.fbx using Guid(828481e15b18a254c882f17660366d71) Importer(815301076,1909f56bfc062723c751e8b465ee728b)  -> (artifact id: '1c30800ce2dc48e31d43ab766dd9979d') in 0.021608 seconds 
  Import took 0.023910 seconds .

========================================================================
Received Import Request.
  Time since last request: 0.020335 seconds.
  path: Assets/Course Library/_Source_Files/Materials/SimpleFarmer_Farmer_White.mat
  artifactKey: Guid(76856409e42797647857f1675c1b6ef9) Importer(815301076,1909f56bfc062723c751e8b465ee728b)
Start importing Assets/Course Library/_Source_Files/Materials/SimpleFarmer_Farmer_White.mat using Guid(76856409e42797647857f1675c1b6ef9) Importer(815301076,1909f56bfc062723c751e8b465ee728b)  -> (artifact id: '573b1c31cf433e97cc2bac3f8c371d1d') in 0.017334 seconds 
  Import took 0.019656 seconds .

========================================================================
Received Import Request.
  Time since last request: 0.020220 seconds.
  path: Assets/Course Library/_Source_Files/Textures/SimpleDogs.png
  artifactKey: Guid(9430bf83a61e53642891d8823882b08c) Importer(815301076,1909f56bfc062723c751e8b465ee728b)
Start importing Assets/Course Library/_Source_Files/Textures/SimpleDogs.png using Guid(9430bf83a61e53642891d8823882b08c) Importer(815301076,1909f56bfc062723c751e8b465ee728b)  -> (artifact id: '6f6809130d6f33a74d5bbd4a7908d9a2') in 0.015290 seconds 
  Import took 0.017604 seconds .

========================================================================
Received Import Request.
  Time since last request: 0.013968 seconds.
  path: Assets/Course Library/_Source_Files/FBX/Animations.fbx
  artifactKey: Guid(d55a3dafe23105e409ee70d6605cbd49) Importer(815301076,1909f56bfc062723c751e8b465ee728b)
Start importing Assets/Course Library/_Source_Files/FBX/Animations.fbx using Guid(d55a3dafe23105e409ee70d6605cbd49) Importer(815301076,1909f56bfc062723c751e8b465ee728b)  -> (artifact id: '769676b07b0e7037732c9e1c483f138a') in 0.023600 seconds 
  Import took 0.027225 seconds .

========================================================================
Received Import Request.
  Time since last request: 0.003676 seconds.
  path: Assets/Course Library/_Source_Files/Misc
  artifactKey: Guid(993f981147786450bb782079c0d62878) Importer(815301076,1909f56bfc062723c751e8b465ee728b)
Start importing Assets/Course Library/_Source_Files/Misc using Guid(993f981147786450bb782079c0d62878) Importer(815301076,1909f56bfc062723c751e8b465ee728b)  -> (artifact id: 'e5c12c2e6b0c103bdbe3b95e06c69855') in 0.005744 seconds 
  Import took 0.008076 seconds .

========================================================================
Received Import Request.
  Time since last request: 0.020339 seconds.
  path: Assets/Course Library/_Source_Files/Misc/Mask_Head.mask
  artifactKey: Guid(f4bf3f6dc42479e47b1fd0e457094fb7) Importer(815301076,1909f56bfc062723c751e8b465ee728b)
Start importing Assets/Course Library/_Source_Files/Misc/Mask_Head.mask using Guid(f4bf3f6dc42479e47b1fd0e457094fb7) Importer(815301076,1909f56bfc062723c751e8b465ee728b)  -> (artifact id: 'e114c3cee3deb64d671d34d95bb9b2d5') in 0.007171 seconds 
  Import took 0.009469 seconds .

========================================================================
Received Import Request.
  Time since last request: 0.026167 seconds.
  path: Assets/Scenes/Prototype 2Settings.lighting
  artifactKey: Guid(89aee9c87719ebd4cac6a524ace60340) Importer(815301076,1909f56bfc062723c751e8b465ee728b)
Start importing Assets/Scenes/Prototype 2Settings.lighting using Guid(89aee9c87719ebd4cac6a524ace60340) Importer(815301076,1909f56bfc062723c751e8b465ee728b)  -> (artifact id: '897a37020723f6b4cbe60061529a3757') in 0.008835 seconds 
  Import took 0.011099 seconds .

========================================================================
Received Import Request.
  Time since last request: 0.015053 seconds.
  path: Assets/Course Library/_Source_Files/FBX
  artifactKey: Guid(5522a65b4f20746ba835d086c3135412) Importer(815301076,1909f56bfc062723c751e8b465ee728b)
Start importing Assets/Course Library/_Source_Files/FBX using Guid(5522a65b4f20746ba835d086c3135412) Importer(815301076,1909f56bfc062723c751e8b465ee728b)  -> (artifact id: 'ed4601e9ac67bd8d2e924cb353440ffa') in 0.006168 seconds 
  Import took 0.008507 seconds .

========================================================================
Received Import Request.
  Time since last request: 0.006359 seconds.
  path: Assets/Course Library/_Source_Files/Materials/SimpleFarmer_FarmersDaughter_Brown.mat
  artifactKey: Guid(cc347604e888272408e91697907628e5) Importer(815301076,1909f56bfc062723c751e8b465ee728b)
Start importing Assets/Course Library/_Source_Files/Materials/SimpleFarmer_FarmersDaughter_Brown.mat using Guid(cc347604e888272408e91697907628e5) Importer(815301076,1909f56bfc062723c751e8b465ee728b)  -> (artifact id: '2179b69e0106152bb203789b301dd40f') in 0.014821 seconds 
  Import took 0.017136 seconds .

========================================================================
Received Import Request.
  Time since last request: 0.007171 seconds.
  path: Assets/Course Library/_Source_Files/Textures/SimpleFarmer_Farmer_Black.png
  artifactKey: Guid(8fddee26d7af656469060882f739f16a) Importer(815301076,1909f56bfc062723c751e8b465ee728b)
Start importing Assets/Course Library/_Source_Files/Textures/SimpleFarmer_Farmer_Black.png using Guid(8fddee26d7af656469060882f739f16a) Importer(815301076,1909f56bfc062723c751e8b465ee728b)  -> (artifact id: '6543dfe6eb73d80a1b61ef818a15cf6f') in 0.017263 seconds 
  Import took 0.019630 seconds .

========================================================================
Received Import Request.
  Time since last request: 0.027111 seconds.
  path: Assets/Course Library/_Source_Files/_LICENSE.txt
  artifactKey: Guid(0310a912c63a84902ab614f875fc4f7e) Importer(815301076,1909f56bfc062723c751e8b465ee728b)
Start importing Assets/Course Library/_Source_Files/_LICENSE.txt using Guid(0310a912c63a84902ab614f875fc4f7e) Importer(815301076,1909f56bfc062723c751e8b465ee728b)  -> (artifact id: '36d0f1f4d82f9495e8f0c92f269aa778') in 0.011026 seconds 
  Import took 0.013264 seconds .

========================================================================
Received Import Request.
  Time since last request: 0.006245 seconds.
  path: Assets/Course Library/_Source_Files/Textures/SimpleFarmer_FarmWrangler_Brown.png
  artifactKey: Guid(45eb17d5fe65a6942aee37575c20cf68) Importer(815301076,1909f56bfc062723c751e8b465ee728b)
Start importing Assets/Course Library/_Source_Files/Textures/SimpleFarmer_FarmWrangler_Brown.png using Guid(45eb17d5fe65a6942aee37575c20cf68) Importer(815301076,1909f56bfc062723c751e8b465ee728b)  -> (artifact id: 'f24e73d7bc82490fa6b7b3efae9163af') in 0.012799 seconds 
  Import took 0.015059 seconds .

========================================================================
Received Import Request.
  Time since last request: 0.006683 seconds.
  path: Assets/Course Library/_Source_Files/Materials/SimpleFarmer_FarmWrangler_Brown.mat
  artifactKey: Guid(98fbfc47bde97094b8c2f009de847406) Importer(815301076,1909f56bfc062723c751e8b465ee728b)
Start importing Assets/Course Library/_Source_Files/Materials/SimpleFarmer_FarmWrangler_Brown.mat using Guid(98fbfc47bde97094b8c2f009de847406) Importer(815301076,1909f56bfc062723c751e8b465ee728b)  -> (artifact id: 'fd36701776067be20567f11df5ecaac1') in 0.012751 seconds 
  Import took 0.015135 seconds .

========================================================================
Received Import Request.
  Time since last request: 0.006606 seconds.
  path: Assets/Course Library/_Source_Files/Textures/SimpleFarmer_FarmersWife_Brown.png
  artifactKey: Guid(6e4a419d05af9f049b1f7cdca7274f70) Importer(815301076,1909f56bfc062723c751e8b465ee728b)
Start importing Assets/Course Library/_Source_Files/Textures/SimpleFarmer_FarmersWife_Brown.png using Guid(6e4a419d05af9f049b1f7cdca7274f70) Importer(815301076,1909f56bfc062723c751e8b465ee728b)  -> (artifact id: 'd7784edaa29b2a286ad4fc090d915d3d') in 0.012172 seconds 
  Import took 0.014448 seconds .

========================================================================
Received Import Request.
  Time since last request: 0.017253 seconds.
  path: Assets/Course Library/_Source_Files/FBX/SM_Icon_Banana_02.fbx
  artifactKey: Guid(796f38e395d865d4d91774af07561c7a) Importer(815301076,1909f56bfc062723c751e8b465ee728b)
Start importing Assets/Course Library/_Source_Files/FBX/SM_Icon_Banana_02.fbx using Guid(796f38e395d865d4d91774af07561c7a) Importer(815301076,1909f56bfc062723c751e8b465ee728b)  -> (artifact id: 'da3837e655ba315a8c242ee42f353a7d') in 0.015313 seconds 
  Import took 0.017603 seconds .

========================================================================
Received Import Request.
  Time since last request: 0.004294 seconds.
  path: Assets/Course Library/_Source_Files/Materials
  artifactKey: Guid(cae1eba99baa74f6798681ead2575395) Importer(815301076,1909f56bfc062723c751e8b465ee728b)
Start importing Assets/Course Library/_Source_Files/Materials using Guid(cae1eba99baa74f6798681ead2575395) Importer(815301076,1909f56bfc062723c751e8b465ee728b)  -> (artifact id: 'ba10e3360bece3343e4fd437b6bad0b9') in 0.006838 seconds 
  Import took 0.009329 seconds .

========================================================================
Received Import Request.
  Time since last request: 0.006355 seconds.
  path: Assets/Course Library/_Source_Files/FBX/SI_Food_Organic_Carrot.fbx
  artifactKey: Guid(7f76d896f2cc25048b6175b2d696a4c6) Importer(815301076,1909f56bfc062723c751e8b465ee728b)
Start importing Assets/Course Library/_Source_Files/FBX/SI_Food_Organic_Carrot.fbx using Guid(7f76d896f2cc25048b6175b2d696a4c6) Importer(815301076,1909f56bfc062723c751e8b465ee728b)  -> (artifact id: '56809f42fcce9714e6c51c2757aee47e') in 0.015416 seconds 
  Import took 0.018367 seconds .

========================================================================
Received Import Request.
  Time since last request: 0.015853 seconds.
  path: Assets/Course Library/_Source_Files/Materials/SimpleFarmer_Farmer_Black.mat
  artifactKey: Guid(4ffb04dab08f3bc46b4bae49c8873e63) Importer(815301076,1909f56bfc062723c751e8b465ee728b)
Start importing Assets/Course Library/_Source_Files/Materials/SimpleFarmer_Farmer_Black.mat using Guid(4ffb04dab08f3bc46b4bae49c8873e63) Importer(815301076,1909f56bfc062723c751e8b465ee728b)  -> (artifact id: '04ef03008dd74992b3fe4b5002a22273') in 0.012312 seconds 
  Import took 0.014716 seconds .

========================================================================
Received Import Request.
  Time since last request: 0.009427 seconds.
  path: Assets/Course Library/_Source_Files/FBX/SA_Animal_Horse.fbx
  artifactKey: Guid(c4324fcdc6ce67d4e97e3c807c446974) Importer(815301076,1909f56bfc062723c751e8b465ee728b)
Start importing Assets/Course Library/_Source_Files/FBX/SA_Animal_Horse.fbx using Guid(c4324fcdc6ce67d4e97e3c807c446974) Importer(815301076,1909f56bfc062723c751e8b465ee728b)  -> (artifact id: '133e54717f7bee2729ac49852f852906') in 0.072126 seconds 
  Import took 0.074881 seconds .

========================================================================
Received Import Request.
  Time since last request: 0.024875 seconds.
  path: Assets/Prefabs/Animal_Horse_Brown.prefab
  artifactKey: Guid(cb0002db81cb43f439313830638057d0) Importer(815301076,1909f56bfc062723c751e8b465ee728b)
Start importing Assets/Prefabs/Animal_Horse_Brown.prefab using Guid(cb0002db81cb43f439313830638057d0) Importer(815301076,1909f56bfc062723c751e8b465ee728b)  -> (artifact id: 'ef52898655c65b1a001b2ab7a8460e7d') in 0.027499 seconds 
  Import took 0.030450 seconds .

========================================================================
Received Import Request.
  Time since last request: 0.006519 seconds.
  path: Assets/Scripts/SpawnManager.cs
  artifactKey: Guid(d7eb32d4d939ccd42b365111e7ecac06) Importer(815301076,1909f56bfc062723c751e8b465ee728b)
Start importing Assets/Scripts/SpawnManager.cs using Guid(d7eb32d4d939ccd42b365111e7ecac06) Importer(815301076,1909f56bfc062723c751e8b465ee728b)  -> (artifact id: '3ee39a6ee9d2c4964a8ff2e7ca85cf14') in 0.005889 seconds 
  Import took 0.008175 seconds .

========================================================================
Received Import Request.
  Time since last request: 0.006485 seconds.
  path: Assets/Course Library/_Source_Files/FBX/Items_Cookie_01.fbx
  artifactKey: Guid(d2d314c911e4af5408b077dfed69013d) Importer(815301076,1909f56bfc062723c751e8b465ee728b)
Start importing Assets/Course Library/_Source_Files/FBX/Items_Cookie_01.fbx using Guid(d2d314c911e4af5408b077dfed69013d) Importer(815301076,1909f56bfc062723c751e8b465ee728b)  -> (artifact id: 'b121d6c76f877a81cd35d4c1890c1eeb') in 0.018784 seconds 
  Import took 0.021055 seconds .

========================================================================
Received Import Request.
  Time since last request: 0.007892 seconds.
  path: Assets/Course Library/_Source_Files/Textures/Texture_Gravel.png
  artifactKey: Guid(6078022333aeb934e94f73ce8fe09e6b) Importer(815301076,1909f56bfc062723c751e8b465ee728b)
Start importing Assets/Course Library/_Source_Files/Textures/Texture_Gravel.png using Guid(6078022333aeb934e94f73ce8fe09e6b) Importer(815301076,1909f56bfc062723c751e8b465ee728b)  -> (artifact id: '3370ca4f89ae0957c76b3bc6f4067778') in 0.011944 seconds 
  Import took 0.014259 seconds .

========================================================================
Received Import Request.
  Time since last request: 0.008467 seconds.
  path: Assets/Course Library/_Source_Files/FBX/SA_Animal_Birds.fbx
  artifactKey: Guid(693459689483f9e4aa5a1a6e8b37269e) Importer(815301076,1909f56bfc062723c751e8b465ee728b)
Start importing Assets/Course Library/_Source_Files/FBX/SA_Animal_Birds.fbx using Guid(693459689483f9e4aa5a1a6e8b37269e) Importer(815301076,1909f56bfc062723c751e8b465ee728b)  -> (artifact id: 'b01241121b1f9f44f2aa1bd67ea9aeca') in 0.065607 seconds 
  Import took 0.068130 seconds .

========================================================================
Received Import Request.
  Time since last request: 0.008128 seconds.
  path: Assets/Course Library/_Source_Files/Misc/SimpleCharacter.controller
  artifactKey: Guid(022cd8e9b1d113b41905bcb401343e62) Importer(815301076,1909f56bfc062723c751e8b465ee728b)
Start importing Assets/Course Library/_Source_Files/Misc/SimpleCharacter.controller using Guid(022cd8e9b1d113b41905bcb401343e62) Importer(815301076,1909f56bfc062723c751e8b465ee728b)  -> (artifact id: '73cefec9ab0e050536b01ef329571f6c') in 0.021606 seconds 
  Import took 0.025349 seconds .

========================================================================
Received Import Request.
  Time since last request: 0.006221 seconds.
  path: Assets/Course Library/_Source_Files/Textures/SimpleFarmer_FarmersDaughter_White.png
  artifactKey: Guid(bde8e4ecd0b2f344bb3b0d5bc6f7fc9c) Importer(815301076,1909f56bfc062723c751e8b465ee728b)
Start importing Assets/Course Library/_Source_Files/Textures/SimpleFarmer_FarmersDaughter_White.png using Guid(bde8e4ecd0b2f344bb3b0d5bc6f7fc9c) Importer(815301076,1909f56bfc062723c751e8b465ee728b)  -> (artifact id: '56bbbf1a8d07a209b1c62e7efd6df3e6') in 0.012581 seconds 
  Import took 0.014819 seconds .

========================================================================
Received Import Request.
  Time since last request: 0.006823 seconds.
  path: Assets/Course Library/_Source_Files/Textures/SimpleForestAnimalsTexture.png
  artifactKey: Guid(0e3dc26e089775e48968e91f860ff20c) Importer(815301076,1909f56bfc062723c751e8b465ee728b)
Start importing Assets/Course Library/_Source_Files/Textures/SimpleForestAnimalsTexture.png using Guid(0e3dc26e089775e48968e91f860ff20c) Importer(815301076,1909f56bfc062723c751e8b465ee728b)  -> (artifact id: '4b06f19584372afabb085427ab7621d9') in 0.011027 seconds 
  Import took 0.013286 seconds .

========================================================================
Received Import Request.
  Time since last request: 0.009987 seconds.
  path: Assets/Course Library/_Source_Files/FBX/Deer.fbx
  artifactKey: Guid(3751d6025630be542a1062112f2bcae5) Importer(815301076,1909f56bfc062723c751e8b465ee728b)
Start importing Assets/Course Library/_Source_Files/FBX/Deer.fbx using Guid(3751d6025630be542a1062112f2bcae5) Importer(815301076,1909f56bfc062723c751e8b465ee728b)  -> (artifact id: 'fe326030c45d6d0449e372db36d2eee4') in 0.114977 seconds 
  Import took 0.117645 seconds .

========================================================================
Received Import Request.
  Time since last request: 0.006522 seconds.
  path: Assets/Course Library/_Source_Files/Materials/Black.mat
  artifactKey: Guid(3cb7a01022a204b6d871219becaca1ae) Importer(815301076,1909f56bfc062723c751e8b465ee728b)
Start importing Assets/Course Library/_Source_Files/Materials/Black.mat using Guid(3cb7a01022a204b6d871219becaca1ae) Importer(815301076,1909f56bfc062723c751e8b465ee728b)  -> (artifact id: 'c981a51c6ab5306e90f4cef4ce32427f') in 0.011672 seconds 
  Import took 0.015319 seconds .

========================================================================
Received Import Request.
  Time since last request: 0.007300 seconds.
  path: Assets/Course Library/_Source_Files/Materials/SimpleFarmer_FarmersWife_White.mat
  artifactKey: Guid(94bc80c9a69c60e40a7f3e87548db65e) Importer(815301076,1909f56bfc062723c751e8b465ee728b)
Start importing Assets/Course Library/_Source_Files/Materials/SimpleFarmer_FarmersWife_White.mat using Guid(94bc80c9a69c60e40a7f3e87548db65e) Importer(815301076,1909f56bfc062723c751e8b465ee728b)  -> (artifact id: '34cdc394dbdb34a62aee744370beb2dd') in 0.014605 seconds 
  Import took 0.016853 seconds .

========================================================================
Received Import Request.
  Time since last request: 0.024729 seconds.
  path: Assets/Course Library/_Source_Files
  artifactKey: Guid(72f1805f9e4054127a65d3cab3ea01c4) Importer(815301076,1909f56bfc062723c751e8b465ee728b)
Start importing Assets/Course Library/_Source_Files using Guid(72f1805f9e4054127a65d3cab3ea01c4) Importer(815301076,1909f56bfc062723c751e8b465ee728b)  -> (artifact id: '52cb5daca1a2bc122d45aa02f2f5680d') in 0.005653 seconds 
  Import took 0.007868 seconds .

========================================================================
Received Import Request.
  Time since last request: 0.010786 seconds.
  path: Assets/Course Library/_Source_Files/Textures/Texture_Grass.png
  artifactKey: Guid(3cf543484d2fb7347b203b934a632fa6) Importer(815301076,1909f56bfc062723c751e8b465ee728b)
Start importing Assets/Course Library/_Source_Files/Textures/Texture_Grass.png using Guid(3cf543484d2fb7347b203b934a632fa6) Importer(815301076,1909f56bfc062723c751e8b465ee728b)  -> (artifact id: '072aca3eab5fdb73bf19da815574713e') in 0.013077 seconds 
  Import took 0.015345 seconds .

========================================================================
Received Import Request.
  Time since last request: 0.006599 seconds.
  path: Assets/Course Library/Materials/Material_Concrete.mat
  artifactKey: Guid(bc90d48240dd64916900ac98e11b3e5f) Importer(815301076,1909f56bfc062723c751e8b465ee728b)
Start importing Assets/Course Library/Materials/Material_Concrete.mat using Guid(bc90d48240dd64916900ac98e11b3e5f) Importer(815301076,1909f56bfc062723c751e8b465ee728b)  -> (artifact id: '2044328cfb0360df28c6058bc34b85eb') in 0.017482 seconds 
  Import took 0.020728 seconds .

========================================================================
Received Import Request.
  Time since last request: 0.006380 seconds.
  path: Assets/Prefabs/Animal_Fox_02.prefab
  artifactKey: Guid(a738df3c13fc0eb418d128182a6629a3) Importer(815301076,1909f56bfc062723c751e8b465ee728b)
Start importing Assets/Prefabs/Animal_Fox_02.prefab using Guid(a738df3c13fc0eb418d128182a6629a3) Importer(815301076,1909f56bfc062723c751e8b465ee728b)  -> (artifact id: '0e2f67952a25deebe7410cfcda314999') in 0.020660 seconds 
  Import took 0.023457 seconds .

========================================================================
Received Import Request.
  Time since last request: 0.006324 seconds.
  path: Assets/Course Library/_Source_Files/Materials/PolygonPrototype_Texture_01.mat
  artifactKey: Guid(41680dad0f0243748b4e228f49a2e3c4) Importer(815301076,1909f56bfc062723c751e8b465ee728b)
Start importing Assets/Course Library/_Source_Files/Materials/PolygonPrototype_Texture_01.mat using Guid(41680dad0f0243748b4e228f49a2e3c4) Importer(815301076,1909f56bfc062723c751e8b465ee728b)  -> (artifact id: 'a4f22ae55f9793b59bfd22cbba44924f') in 0.017579 seconds 
  Import took 0.019891 seconds .

========================================================================
Received Import Request.
  Time since last request: 0.016854 seconds.
  path: Assets/Course Library/_Source_Files/Textures/SimpleShopInterior_Texture.png
  artifactKey: Guid(9feefa8c65de5d748bcef29e7e150c3a) Importer(815301076,1909f56bfc062723c751e8b465ee728b)
Start importing Assets/Course Library/_Source_Files/Textures/SimpleShopInterior_Texture.png using Guid(9feefa8c65de5d748bcef29e7e150c3a) Importer(815301076,1909f56bfc062723c751e8b465ee728b)  -> (artifact id: '3666eba1bd6fe1a6201d8138b2fcbd8a') in 0.012376 seconds 
  Import took 0.014690 seconds .

========================================================================
Received Import Request.
  Time since last request: 0.033304 seconds.
  path: Assets/Course Library/_Source_Files/FBX/Materials
  artifactKey: Guid(645b12c72c0cdeb40b788a4d284fe5b8) Importer(815301076,1909f56bfc062723c751e8b465ee728b)
Start importing Assets/Course Library/_Source_Files/FBX/Materials using Guid(645b12c72c0cdeb40b788a4d284fe5b8) Importer(815301076,1909f56bfc062723c751e8b465ee728b)  -> (artifact id: '5bf7bafe43f0917391bc759553e03864') in 0.002808 seconds 
  Import took 0.005354 seconds .

========================================================================
Received Import Request.
  Time since last request: 0.006302 seconds.
  path: Assets/Course Library/_Source_Files/Textures/SimpleFarmer_FarmWrangler_Black.png
  artifactKey: Guid(e3f5ae7056ee847478654d8ef6f4c4ad) Importer(815301076,1909f56bfc062723c751e8b465ee728b)
Start importing Assets/Course Library/_Source_Files/Textures/SimpleFarmer_FarmWrangler_Black.png using Guid(e3f5ae7056ee847478654d8ef6f4c4ad) Importer(815301076,1909f56bfc062723c751e8b465ee728b)  -> (artifact id: '373153fc16680aa7dcf997774b87a6ca') in 0.013068 seconds 
  Import took 0.015380 seconds .

========================================================================
Received Import Request.
  Time since last request: 0.006240 seconds.
  path: Assets/Course Library/_Source_Files/Materials/SimpleFarmer_FarmWrangler_White.mat
  artifactKey: Guid(6bc0b76677d86c84bae40c11173940a2) Importer(815301076,1909f56bfc062723c751e8b465ee728b)
Start importing Assets/Course Library/_Source_Files/Materials/SimpleFarmer_FarmWrangler_White.mat using Guid(6bc0b76677d86c84bae40c11173940a2) Importer(815301076,1909f56bfc062723c751e8b465ee728b)  -> (artifact id: '8eb93d500276a55410497b6fa3ebcb03') in 0.014239 seconds 
  Import took 0.016525 seconds .

========================================================================
Received Import Request.
  Time since last request: 0.006710 seconds.
  path: Assets/Course Library/_Source_Files/Materials/SimpleFarmer_FarmersDaughter_Black.mat
  artifactKey: Guid(e4d5a3e7cf15bcd4a919ec0bb9c42188) Importer(815301076,1909f56bfc062723c751e8b465ee728b)
Start importing Assets/Course Library/_Source_Files/Materials/SimpleFarmer_FarmersDaughter_Black.mat using Guid(e4d5a3e7cf15bcd4a919ec0bb9c42188) Importer(815301076,1909f56bfc062723c751e8b465ee728b)  -> (artifact id: '7d6ad807bac40f1e228614b8c79acaf3') in 0.014573 seconds 
  Import took 0.016881 seconds .

========================================================================
Received Import Request.
  Time since last request: 0.006697 seconds.
  path: Assets/Course Library/_Source_Files/Textures/SimpleFarmer_FarmersWife_White.png
  artifactKey: Guid(f555d3f85b4960e4287918ec81c10d9a) Importer(815301076,1909f56bfc062723c751e8b465ee728b)
Start importing Assets/Course Library/_Source_Files/Textures/SimpleFarmer_FarmersWife_White.png using Guid(f555d3f85b4960e4287918ec81c10d9a) Importer(815301076,1909f56bfc062723c751e8b465ee728b)  -> (artifact id: 'd031a6c585eb5849643380cd580ce345') in 0.009398 seconds 
  Import took 0.011680 seconds .

========================================================================
Received Import Request.
  Time since last request: 0.031373 seconds.
  path: Assets/Course Library/_Source_Files/FBX/SA_Animal_CowBull.fbx
  artifactKey: Guid(f18cd949d6d73cb459e428cd63e6ac27) Importer(815301076,1909f56bfc062723c751e8b465ee728b)
Start importing Assets/Course Library/_Source_Files/FBX/SA_Animal_CowBull.fbx using Guid(f18cd949d6d73cb459e428cd63e6ac27) Importer(815301076,1909f56bfc062723c751e8b465ee728b)  -> (artifact id: '5951753a03647aee71262e8df8b2744f') in 0.040374 seconds 
  Import took 0.043047 seconds .

========================================================================
Received Import Request.
  Time since last request: 0.007357 seconds.
  path: Assets/Course Library/_Source_Files/FBX/SI_Food_Organic_Apple_03.fbx
  artifactKey: Guid(6294bcc7efeb481429886b9604a08df6) Importer(815301076,1909f56bfc062723c751e8b465ee728b)
Start importing Assets/Course Library/_Source_Files/FBX/SI_Food_Organic_Apple_03.fbx using Guid(6294bcc7efeb481429886b9604a08df6) Importer(815301076,1909f56bfc062723c751e8b465ee728b)  -> (artifact id: '795d8ecdfd7915cdf1ebadf94c20cee5') in 0.015079 seconds 
  Import took 0.017339 seconds .

========================================================================
Received Import Request.
  Time since last request: 0.016491 seconds.
  path: Assets/Prefabs/Food_Sandwich_01.prefab
  artifactKey: Guid(1f5e1433f3f89dc439fc6733460c7445) Importer(815301076,1909f56bfc062723c751e8b465ee728b)
Start importing Assets/Prefabs/Food_Sandwich_01.prefab using Guid(1f5e1433f3f89dc439fc6733460c7445) Importer(815301076,1909f56bfc062723c751e8b465ee728b)  -> (artifact id: 'b72abf42bf081b34435038e84a536369') in 0.014923 seconds 
  Import took 0.017309 seconds .

========================================================================
Received Import Request.
  Time since last request: 0.041650 seconds.
  path: Assets/Course Library/_Source_Files/FBX/SI_Food_Organic_Pear_02.fbx
  artifactKey: Guid(fac3f861a349d484a91061b9ed7aa40d) Importer(815301076,1909f56bfc062723c751e8b465ee728b)
Start importing Assets/Course Library/_Source_Files/FBX/SI_Food_Organic_Pear_02.fbx using Guid(fac3f861a349d484a91061b9ed7aa40d) Importer(815301076,1909f56bfc062723c751e8b465ee728b)  -> (artifact id: 'e24b0b4e1dc57d44c9d011795dfb3d7a') in 0.017804 seconds 
  Import took 0.020100 seconds .

========================================================================
Received Import Request.
  Time since last request: 0.007107 seconds.
  path: Assets/Course Library/_Source_Files/Textures/SimpleFarmer_FarmersDaughter_Black.png
  artifactKey: Guid(96100b630096bb24b8ec619d9e6b1211) Importer(815301076,1909f56bfc062723c751e8b465ee728b)
Start importing Assets/Course Library/_Source_Files/Textures/SimpleFarmer_FarmersDaughter_Black.png using Guid(96100b630096bb24b8ec619d9e6b1211) Importer(815301076,1909f56bfc062723c751e8b465ee728b)  -> (artifact id: 'd7408d60fdd572d9e0ed9016df2d5762') in 0.010118 seconds 
  Import took 0.012359 seconds .

========================================================================
Received Import Request.
  Time since last request: 0.018325 seconds.
  path: Assets/Course Library/_Source_Files/Materials/SimpleFarmer_FarmersWife_Brown.mat
  artifactKey: Guid(dea8da5c59fb63f43bdae7f3ae6f83e9) Importer(815301076,1909f56bfc062723c751e8b465ee728b)
Start importing Assets/Course Library/_Source_Files/Materials/SimpleFarmer_FarmersWife_Brown.mat using Guid(dea8da5c59fb63f43bdae7f3ae6f83e9) Importer(815301076,1909f56bfc062723c751e8b465ee728b)  -> (artifact id: 'b72fd4d6fb9a2040d44725df62d51c2f') in 0.010640 seconds 
  Import took 0.012931 seconds .

========================================================================
Received Import Request.
  Time since last request: 0.032307 seconds.
  path: Assets/Course Library/_Source_Files/FBX/SimpleDogs.fbx
  artifactKey: Guid(4813058df6cbc544c979b2b5b9882a81) Importer(815301076,1909f56bfc062723c751e8b465ee728b)
Start importing Assets/Course Library/_Source_Files/FBX/SimpleDogs.fbx using Guid(4813058df6cbc544c979b2b5b9882a81) Importer(815301076,1909f56bfc062723c751e8b465ee728b)  -> (artifact id: 'c30a72a92d8a97fa73260101bd43b1f5') in 0.259581 seconds 
  Import took 0.262925 seconds .

========================================================================
Received Import Request.
  Time since last request: 0.026647 seconds.
  path: Assets/Course Library/Materials/Material_Sand.mat
  artifactKey: Guid(16176c138e4da4678ad7e9a9dd39429d) Importer(815301076,1909f56bfc062723c751e8b465ee728b)
Start importing Assets/Course Library/Materials/Material_Sand.mat using Guid(16176c138e4da4678ad7e9a9dd39429d) Importer(815301076,1909f56bfc062723c751e8b465ee728b)  -> (artifact id: '7057cedb25e1376fd05bee5192d88cc4') in 0.014948 seconds 
  Import took 0.017281 seconds .

========================================================================
Received Import Request.
  Time since last request: 0.006627 seconds.
  path: Assets/Course Library/_Source_Files/Textures/SimpleFarmer_Farmer_Brown.png
  artifactKey: Guid(065c4bcb58412d949a264763a07a818a) Importer(815301076,1909f56bfc062723c751e8b465ee728b)
Start importing Assets/Course Library/_Source_Files/Textures/SimpleFarmer_Farmer_Brown.png using Guid(065c4bcb58412d949a264763a07a818a) Importer(815301076,1909f56bfc062723c751e8b465ee728b)  -> (artifact id: '63e2fab259093d1e97ef7546a52371f2') in 0.011765 seconds 
  Import took 0.014023 seconds .

========================================================================
Received Import Request.
  Time since last request: 0.031287 seconds.
  path: Assets/Course Library/_Source_Files/FBX/Items_Sandwich_01.fbx
  artifactKey: Guid(029157f85720f7749bec0a7d852a5894) Importer(815301076,1909f56bfc062723c751e8b465ee728b)
Start importing Assets/Course Library/_Source_Files/FBX/Items_Sandwich_01.fbx using Guid(029157f85720f7749bec0a7d852a5894) Importer(815301076,1909f56bfc062723c751e8b465ee728b)  -> (artifact id: 'dd59214740c65c3e727b0af30fe729c4') in 0.015765 seconds 
  Import took 0.018031 seconds .

========================================================================
Received Import Request.
  Time since last request: 0.006514 seconds.
  path: Assets/Course Library/_Source_Files/Materials/SimpleDogs.mat
  artifactKey: Guid(5a3559dc71a3dee46a71f5627f48bb36) Importer(815301076,1909f56bfc062723c751e8b465ee728b)
Start importing Assets/Course Library/_Source_Files/Materials/SimpleDogs.mat using Guid(5a3559dc71a3dee46a71f5627f48bb36) Importer(815301076,1909f56bfc062723c751e8b465ee728b)  -> (artifact id: 'b83e947ffb5f955a5a8cbe343ca63047') in 0.012440 seconds 
  Import took 0.014700 seconds .

========================================================================
Received Import Request.
  Time since last request: 0.007063 seconds.
  path: Assets/Course Library/_Source_Files/FBX/SI_Food_Organic_Apple_01.fbx
  artifactKey: Guid(cf2656555a2f4904f94b09943e34400f) Importer(815301076,1909f56bfc062723c751e8b465ee728b)
Start importing Assets/Course Library/_Source_Files/FBX/SI_Food_Organic_Apple_01.fbx using Guid(cf2656555a2f4904f94b09943e34400f) Importer(815301076,1909f56bfc062723c751e8b465ee728b)  -> (artifact id: '88eaf86afc9d244d7b7aa53c4f0739af') in 0.014615 seconds 
  Import took 0.016925 seconds .

========================================================================
Received Import Request.
  Time since last request: 0.016726 seconds.
  path: Assets/Course Library/_Source_Files/Textures/SimpleFarmer_FarmersDaughter_Brown.png
  artifactKey: Guid(144811adb05d9874fab57bf4b53356a1) Importer(815301076,1909f56bfc062723c751e8b465ee728b)
Start importing Assets/Course Library/_Source_Files/Textures/SimpleFarmer_FarmersDaughter_Brown.png using Guid(144811adb05d9874fab57bf4b53356a1) Importer(815301076,1909f56bfc062723c751e8b465ee728b)  -> (artifact id: '168cdf0c8d3e5701d8d9a109e353d64f') in 0.009059 seconds 
  Import took 0.011316 seconds .

========================================================================
Received Import Request.
  Time since last request: 0.007538 seconds.
  path: Assets/Course Library/_Source_Files/Textures/Texture_Conrete.png
  artifactKey: Guid(c7ea4fdbbfc0c3b4db23d327edee6111) Importer(815301076,1909f56bfc062723c751e8b465ee728b)
Start importing Assets/Course Library/_Source_Files/Textures/Texture_Conrete.png using Guid(c7ea4fdbbfc0c3b4db23d327edee6111) Importer(815301076,1909f56bfc062723c751e8b465ee728b)  -> (artifact id: 'debce9ec82ebf332cf445ca88d4e8269') in 0.010996 seconds 
  Import took 0.013269 seconds .

========================================================================
Received Import Request.
  Time since last request: 0.006677 seconds.
  path: Assets/Course Library/_Source_Files/Materials/SimpleFarmer_FarmersWife_Black.mat
  artifactKey: Guid(f98c6192bf2545644bb912bfaf19f832) Importer(815301076,1909f56bfc062723c751e8b465ee728b)
Start importing Assets/Course Library/_Source_Files/Materials/SimpleFarmer_FarmersWife_Black.mat using Guid(f98c6192bf2545644bb912bfaf19f832) Importer(815301076,1909f56bfc062723c751e8b465ee728b)  -> (artifact id: 'f0fa7ec6969ca6c85fed201aacc09393') in 0.011635 seconds 
  Import took 0.013950 seconds .

========================================================================
Received Import Request.
  Time since last request: 0.006978 seconds.
  path: Assets/Course Library/_Source_Files/Textures/PolygonPrototype_Texture_01.png
  artifactKey: Guid(86cb957541c7c8542a6306ffb82e6833) Importer(815301076,1909f56bfc062723c751e8b465ee728b)
Start importing Assets/Course Library/_Source_Files/Textures/PolygonPrototype_Texture_01.png using Guid(86cb957541c7c8542a6306ffb82e6833) Importer(815301076,1909f56bfc062723c751e8b465ee728b)  -> (artifact id: 'e7de033dfa5a9975271a197c0dcb8fa2') in 0.011573 seconds 
  Import took 0.016317 seconds .

========================================================================
Received Import Request.
  Time since last request: 0.016154 seconds.
  path: Assets/Course Library/_Source_Files/Materials/SimpleFarmer_Farmer_Brown.mat
  artifactKey: Guid(d4f57b669d9639544b1d50ba3f22dbe4) Importer(815301076,1909f56bfc062723c751e8b465ee728b)
Start importing Assets/Course Library/_Source_Files/Materials/SimpleFarmer_Farmer_Brown.mat using Guid(d4f57b669d9639544b1d50ba3f22dbe4) Importer(815301076,1909f56bfc062723c751e8b465ee728b)  -> (artifact id: '6bd7982537e3271c2e9ed9b579cee3a3') in 0.011637 seconds 
  Import took 0.013919 seconds .

========================================================================
Received Import Request.
  Time since last request: 0.007765 seconds.
  path: Assets/Course Library/_Source_Files/FBX/SA_Animal_Chick.fbx
  artifactKey: Guid(5cffd02f329556b48a122caf2426df2f) Importer(815301076,1909f56bfc062723c751e8b465ee728b)
Start importing Assets/Course Library/_Source_Files/FBX/SA_Animal_Chick.fbx using Guid(5cffd02f329556b48a122caf2426df2f) Importer(815301076,1909f56bfc062723c751e8b465ee728b)  -> (artifact id: 'f40f06d39aeb87215eb8465d86153ab8') in 0.019447 seconds 
  Import took 0.021841 seconds .

========================================================================
Received Import Request.
  Time since last request: 0.011077 seconds.
  path: Assets/Course Library/_Source_Files/FBX/Animations_Static.fbx
  artifactKey: Guid(7039333667ba45840b1411867278ee2e) Importer(815301076,1909f56bfc062723c751e8b465ee728b)
Start importing Assets/Course Library/_Source_Files/FBX/Animations_Static.fbx using Guid(7039333667ba45840b1411867278ee2e) Importer(815301076,1909f56bfc062723c751e8b465ee728b)  -> (artifact id: 'bc82884acdb0251179d0621371cecd5a') in 0.009990 seconds 
  Import took 0.012392 seconds .

========================================================================
Received Import Request.
  Time since last request: 0.017159 seconds.
  path: Assets/Course Library/_Source_Files/Textures/SimpleAnimalsFarm.png
  artifactKey: Guid(3df023afa2d589948af5cb2c34b25809) Importer(815301076,1909f56bfc062723c751e8b465ee728b)
Start importing Assets/Course Library/_Source_Files/Textures/SimpleAnimalsFarm.png using Guid(3df023afa2d589948af5cb2c34b25809) Importer(815301076,1909f56bfc062723c751e8b465ee728b)  -> (artifact id: '6d049ef7cdebd939875ee5d8ebf1e95e') in 0.008935 seconds 
  Import took 0.011270 seconds .

========================================================================
Received Import Request.
  Time since last request: 0.010506 seconds.
  path: Assets/Course Library/_Source_Files/FBX/Items_Wine_01.fbx
  artifactKey: Guid(f9c04ce17e1bea441a2dde5505e10ed5) Importer(815301076,1909f56bfc062723c751e8b465ee728b)
Start importing Assets/Course Library/_Source_Files/FBX/Items_Wine_01.fbx using Guid(f9c04ce17e1bea441a2dde5505e10ed5) Importer(815301076,1909f56bfc062723c751e8b465ee728b)  -> (artifact id: '1a84805a7083b123ec402b1365af5b1d') in 0.014711 seconds 
  Import took 0.017270 seconds .

========================================================================
Received Import Request.
  Time since last request: 0.007278 seconds.
  path: Assets/Course Library/_Source_Files/FBX/Items_Pizza_01.fbx
  artifactKey: Guid(0169642a95e8fce49b967cc4543bcdd8) Importer(815301076,1909f56bfc062723c751e8b465ee728b)
Start importing Assets/Course Library/_Source_Files/FBX/Items_Pizza_01.fbx using Guid(0169642a95e8fce49b967cc4543bcdd8) Importer(815301076,1909f56bfc062723c751e8b465ee728b)  -> (artifact id: '73011719c313d74c6dc2a4f167bb3eba') in 0.014382 seconds 
  Import took 0.016679 seconds .

========================================================================
Received Import Request.
  Time since last request: 0.006593 seconds.
  path: Assets/Scripts/DetectCollision.cs
  artifactKey: Guid(bfb1f746aae6de94e801f7f3becb0a06) Importer(815301076,1909f56bfc062723c751e8b465ee728b)
Start importing Assets/Scripts/DetectCollision.cs using Guid(bfb1f746aae6de94e801f7f3becb0a06) Importer(815301076,1909f56bfc062723c751e8b465ee728b)  -> (artifact id: '9e2c69344624f6d04f6748324cece948') in 0.005715 seconds 
  Import took 0.007920 seconds .

========================================================================
Received Import Request.
  Time since last request: 0.005645 seconds.
  path: Assets/Course Library/_Source_Files/Materials/SimpleFarmer_FarmersDaughter_White.mat
  artifactKey: Guid(56ebc0202fbc1a24a960ec004e48a858) Importer(815301076,1909f56bfc062723c751e8b465ee728b)
Start importing Assets/Course Library/_Source_Files/Materials/SimpleFarmer_FarmersDaughter_White.mat using Guid(56ebc0202fbc1a24a960ec004e48a858) Importer(815301076,1909f56bfc062723c751e8b465ee728b)  -> (artifact id: 'f6fdd9ff9a012e049228e51583b62fc5') in 0.010984 seconds 
  Import took 0.013309 seconds .

========================================================================
Received Import Request.
  Time since last request: 0.006758 seconds.
  path: Assets/Scenes/Prototype 2.unity
  artifactKey: Guid(f0196d95ff9244ffaa65879ba7824fd4) Importer(815301076,1909f56bfc062723c751e8b465ee728b)
Start importing Assets/Scenes/Prototype 2.unity using Guid(f0196d95ff9244ffaa65879ba7824fd4) Importer(815301076,1909f56bfc062723c751e8b465ee728b)  -> (artifact id: '553f2b5775fa7d5f6630f94973ea4c6c') in 0.006909 seconds 
  Import took 0.009144 seconds .

========================================================================
Received Import Request.
  Time since last request: 0.009758 seconds.
  path: Assets/Course Library/Materials/Material_Grass.mat
  artifactKey: Guid(42b224efc5a8c4863a87e224a72bb1ea) Importer(815301076,1909f56bfc062723c751e8b465ee728b)
Start importing Assets/Course Library/Materials/Material_Grass.mat using Guid(42b224efc5a8c4863a87e224a72bb1ea) Importer(815301076,1909f56bfc062723c751e8b465ee728b)  -> (artifact id: 'de0648cd71745c8b77c6ad7e9ec01322') in 0.014644 seconds 
  Import took 0.016912 seconds .

========================================================================
Received Import Request.
  Time since last request: 0.007300 seconds.
  path: Assets/Prefabs/Dog_Doberman_01.prefab
  artifactKey: Guid(8d3d8dab8ab1da54cb4b789c672225a6) Importer(815301076,1909f56bfc062723c751e8b465ee728b)
Start importing Assets/Prefabs/Dog_Doberman_01.prefab using Guid(8d3d8dab8ab1da54cb4b789c672225a6) Importer(815301076,1909f56bfc062723c751e8b465ee728b)  -> (artifact id: '5947046a4bf10c840a3b548e6b002261') in 0.049409 seconds 
  Import took 0.052978 seconds .

========================================================================
Received Import Request.
  Time since last request: 0.006274 seconds.
  path: Assets/Course Library/_Source_Files/Misc/SA_Animal_CowBull.controller
  artifactKey: Guid(d044bcc821b15eb40b3df145373ba26d) Importer(815301076,1909f56bfc062723c751e8b465ee728b)
Start importing Assets/Course Library/_Source_Files/Misc/SA_Animal_CowBull.controller using Guid(d044bcc821b15eb40b3df145373ba26d) Importer(815301076,1909f56bfc062723c751e8b465ee728b)  -> (artifact id: 'cd9c5923d6ec708a85ea5dd375dcbceb') in 0.009238 seconds 
  Import took 0.013145 seconds .

========================================================================
Received Import Request.
  Time since last request: 0.016706 seconds.
  path: Assets/Course Library/_Source_Files/Materials/SimpleItems.mat
  artifactKey: Guid(dc043a9656f81bc488510dcda2b382ab) Importer(815301076,1909f56bfc062723c751e8b465ee728b)
Start importing Assets/Course Library/_Source_Files/Materials/SimpleItems.mat using Guid(dc043a9656f81bc488510dcda2b382ab) Importer(815301076,1909f56bfc062723c751e8b465ee728b)  -> (artifact id: '7caf6615a7735ed0bac22f97794e11e8') in 0.014642 seconds 
  Import took 0.016962 seconds .

========================================================================
Received Import Request.
  Time since last request: 0.007678 seconds.
  path: Assets/Course Library/_Source_Files/Textures/SimpleItems.png
  artifactKey: Guid(38bd1ccdaa9721c4f9c197f3e9e6b9d3) Importer(815301076,1909f56bfc062723c751e8b465ee728b)
Start importing Assets/Course Library/_Source_Files/Textures/SimpleItems.png using Guid(38bd1ccdaa9721c4f9c197f3e9e6b9d3) Importer(815301076,1909f56bfc062723c751e8b465ee728b)  -> (artifact id: 'c9b118a48c0e5962af0351dca011aa1c') in 0.010761 seconds 
  Import took 0.013086 seconds .

========================================================================
Received Import Request.
  Time since last request: 0.026757 seconds.
  path: Assets/Course Library/_Source_Files/Materials/SimpleFarmer_FarmWrangler_Black.mat
  artifactKey: Guid(9d9526852cc4b0b42bf5de686168e78d) Importer(815301076,1909f56bfc062723c751e8b465ee728b)
Start importing Assets/Course Library/_Source_Files/Materials/SimpleFarmer_FarmWrangler_Black.mat using Guid(9d9526852cc4b0b42bf5de686168e78d) Importer(815301076,1909f56bfc062723c751e8b465ee728b)  -> (artifact id: 'edf8bdd73d8824a443f019e92951b25a') in 0.011700 seconds 
  Import took 0.013989 seconds .

========================================================================
Received Import Request.
  Time since last request: 0.007074 seconds.
  path: Assets/Course Library/_Source_Files/FBX/SI_Food_Fish_Cooked.fbx
  artifactKey: Guid(85e4a8c480f09dc4183af326bee29e93) Importer(815301076,1909f56bfc062723c751e8b465ee728b)
Start importing Assets/Course Library/_Source_Files/FBX/SI_Food_Fish_Cooked.fbx using Guid(85e4a8c480f09dc4183af326bee29e93) Importer(815301076,1909f56bfc062723c751e8b465ee728b)  -> (artifact id: 'b25315c21aa6ec32d01bb103bde19775') in 0.017146 seconds 
  Import took 0.019468 seconds .

========================================================================
Received Import Request.
  Time since last request: 0.008668 seconds.
  path: Assets/Course Library/_Source_Files/Textures/SimpleFarmer_FarmWrangler_White.png
  artifactKey: Guid(38afee6b97f1660489dfceac21653a3d) Importer(815301076,1909f56bfc062723c751e8b465ee728b)
Start importing Assets/Course Library/_Source_Files/Textures/SimpleFarmer_FarmWrangler_White.png using Guid(38afee6b97f1660489dfceac21653a3d) Importer(815301076,1909f56bfc062723c751e8b465ee728b)  -> (artifact id: '8fb2122049ec5c4ae10a6bb71a4c0b29') in 0.011550 seconds 
  Import took 0.013982 seconds .

========================================================================
Received Import Request.
  Time since last request: 0.008334 seconds.
  path: Assets/Course Library/_Source_Files/FBX/Animations_IK.fbx
  artifactKey: Guid(6e4b26fde7f77c046bed3bb532de26f1) Importer(815301076,1909f56bfc062723c751e8b465ee728b)
Start importing Assets/Course Library/_Source_Files/FBX/Animations_IK.fbx using Guid(6e4b26fde7f77c046bed3bb532de26f1) Importer(815301076,1909f56bfc062723c751e8b465ee728b)  -> (artifact id: 'f6139e635c83164d9d2d5e33998a2c30') in 0.017589 seconds 
  Import took 0.020981 seconds .

========================================================================
Received Import Request.
  Time since last request: 0.005733 seconds.
  path: Assets/Course Library/_Source_Files/Misc/Mask_LowerBody.mask
  artifactKey: Guid(f34433e648b38134b89fe27b9e6955cc) Importer(815301076,1909f56bfc062723c751e8b465ee728b)
Start importing Assets/Course Library/_Source_Files/Misc/Mask_LowerBody.mask using Guid(f34433e648b38134b89fe27b9e6955cc) Importer(815301076,1909f56bfc062723c751e8b465ee728b)  -> (artifact id: '5f98fe8ffe248a74068f49c4936da231') in 0.006676 seconds 
  Import took 0.008919 seconds .

========================================================================
Received Import Request.
  Time since last request: 0.003543 seconds.
  path: Assets/Course Library/Materials
  artifactKey: Guid(ad3a603cc86ae4a379e0528b7bfd13be) Importer(815301076,1909f56bfc062723c751e8b465ee728b)
Start importing Assets/Course Library/Materials using Guid(ad3a603cc86ae4a379e0528b7bfd13be) Importer(815301076,1909f56bfc062723c751e8b465ee728b)  -> (artifact id: '17404092f44b1a2e9b252fa8f110ccb5') in 0.003239 seconds 
  Import took 0.005557 seconds .

========================================================================
Received Import Request.
  Time since last request: 0.005502 seconds.
  path: Assets/Course Library/_Source_Files/Materials/SimpleShopInteriors.mat
  artifactKey: Guid(b243f1f84ea457945900d7c80e573112) Importer(815301076,1909f56bfc062723c751e8b465ee728b)
Start importing Assets/Course Library/_Source_Files/Materials/SimpleShopInteriors.mat using Guid(b243f1f84ea457945900d7c80e573112) Importer(815301076,1909f56bfc062723c751e8b465ee728b)  -> (artifact id: 'cf295a2ac49dce3382fef2ac4554bd27') in 0.013488 seconds 
  Import took 0.015955 seconds .

========================================================================
Received Import Request.
  Time since last request: 0.006683 seconds.
  path: Assets/Course Library/_Source_Files/Misc/SA_Animal_Birds.controller
  artifactKey: Guid(89ce2bbff124d224986dcf79ae85990c) Importer(815301076,1909f56bfc062723c751e8b465ee728b)
Start importing Assets/Course Library/_Source_Files/Misc/SA_Animal_Birds.controller using Guid(89ce2bbff124d224986dcf79ae85990c) Importer(815301076,1909f56bfc062723c751e8b465ee728b)  -> (artifact id: 'a006895f814059503111c7bd6c1b9753') in 0.006278 seconds 
  Import took 0.008701 seconds .

========================================================================
Received Import Request.
  Time since last request: 0.005762 seconds.
  path: Assets/Course Library/_Source_Files/Misc/Mask_Body.mask
  artifactKey: Guid(4244c57bb194c0e48861fc59aaf8214d) Importer(815301076,1909f56bfc062723c751e8b465ee728b)
Start importing Assets/Course Library/_Source_Files/Misc/Mask_Body.mask using Guid(4244c57bb194c0e48861fc59aaf8214d) Importer(815301076,1909f56bfc062723c751e8b465ee728b)  -> (artifact id: '960082fc151ebb6e343e5e7433ca8ae2') in 0.006807 seconds 
  Import took 0.009104 seconds .

========================================================================
Received Import Request.
  Time since last request: 0.005785 seconds.
  path: Assets/Course Library/_Source_Files/Misc/SFA_Animal_Deer.controller
  artifactKey: Guid(76f55cbd3070de9459d9f9978299228c) Importer(815301076,1909f56bfc062723c751e8b465ee728b)
Start importing Assets/Course Library/_Source_Files/Misc/SFA_Animal_Deer.controller using Guid(76f55cbd3070de9459d9f9978299228c) Importer(815301076,1909f56bfc062723c751e8b465ee728b)  -> (artifact id: '79f0be66c1cfda339297b54fda619b8c') in 0.009964 seconds 
  Import took 0.012593 seconds .

========================================================================
Received Import Request.
  Time since last request: 0.016056 seconds.
  path: Assets/Scripts/DestroyOutOfBounds.cs
  artifactKey: Guid(d29cca7b24ff62a41ad8a0d097be0eef) Importer(815301076,1909f56bfc062723c751e8b465ee728b)
Start importing Assets/Scripts/DestroyOutOfBounds.cs using Guid(d29cca7b24ff62a41ad8a0d097be0eef) Importer(815301076,1909f56bfc062723c751e8b465ee728b)  -> (artifact id: 'f87a540ffda9f505826e1f7d8ab43bf0') in 0.005940 seconds 
  Import took 0.008208 seconds .

========================================================================
Received Import Request.
  Time since last request: 0.006449 seconds.
  path: Assets/Course Library/_Source_Files/Textures/SimpleFarmer_Farmer_White.png
  artifactKey: Guid(b5439d586ec428a40aef081b40d65655) Importer(815301076,1909f56bfc062723c751e8b465ee728b)
Start importing Assets/Course Library/_Source_Files/Textures/SimpleFarmer_Farmer_White.png using Guid(b5439d586ec428a40aef081b40d65655) Importer(815301076,1909f56bfc062723c751e8b465ee728b)  -> (artifact id: 'd993fc9b2c7a8f90e70c5a83dd23b3ea') in 0.010165 seconds 
  Import took 0.012659 seconds .

========================================================================
Received Prepare
Registering precompiled user dll's ...
Registered in 0.009022 seconds.
Begin MonoManager ReloadAssembly
Native extension for WindowsStandalone target not found
Native extension for WebGL target not found
Refreshing native plugins compatible for Editor in 0.36 ms, found 2 plugins.
Preloading 0 native plugins for Editor in 0.00 ms.
Mono: successfully reloaded assembly
- Completed reload, in  1.039 seconds
Domain Reload Profiling:
	ReloadAssembly (1039ms)
		BeginReloadAssembly (143ms)
			ExecutionOrderSort (0ms)
			DisableScriptedObjects (5ms)
			BackupInstance (0ms)
			ReleaseScriptingObjects (0ms)
			CreateAndSetChildDomain (35ms)
		EndReloadAssembly (827ms)
			LoadAssemblies (116ms)
			RebuildTransferFunctionScriptingTraits (0ms)
			SetupTypeCache (283ms)
			ReleaseScriptCaches (1ms)
			RebuildScriptCaches (37ms)
			SetupLoadedEditorAssemblies (295ms)
				LogAssemblyErrors (0ms)
				InitializePlatformSupportModulesInManaged (7ms)
				SetLoadedEditorAssemblies (0ms)
				RefreshPlugins (0ms)
				BeforeProcessingInitializeOnLoad (84ms)
				ProcessInitializeOnLoadAttributes (191ms)
				ProcessInitializeOnLoadMethodAttributes (4ms)
				AfterProcessingInitializeOnLoad (7ms)
				EditorAssembliesLoaded (0ms)
			ExecutionOrderSort2 (0ms)
			AwakeInstancesAfterBackupRestoration (8ms)
Platform modules already initialized, skipping
Refreshing native plugins compatible for Editor in 0.39 ms, found 2 plugins.
Preloading 0 native plugins for Editor in 0.00 ms.
Unloading 1398 Unused Serialized files (Serialized files now loaded: 0)
System memory in use before: 82.8 MB.
System memory in use after: 82.9 MB.

Unloading 14 unused Assets to reduce memory usage. Loaded Objects now: 1887.
Total: 4.144600 ms (FindLiveObjects: 0.169600 ms CreateObjectMapping: 0.054100 ms MarkObjects: 3.889000 ms  DeleteObjects: 0.029900 ms)

AssetImportParameters requested are different than current active one (requested -> active):
  custom:framework-win-MediaFoundation: 216162199b28c13a410421893ffa2e32 -> 
  custom:video-decoder-ogg-theora: a1e56fd34408186e4bbccfd4996cb3dc -> 
  custom:container-muxer-webm: aa71ff27fc2769a1b78a27578f13a17b -> 
  custom:container-demuxer-webm: 4f35f7cbe854078d1ac9338744f61a02 -> 
  custom:container-demuxer-ogg: 62fdf1f143b41e24485cea50d1cbac27 -> 
  custom:video-encoder-webm-vp8: eb34c28f22e8b96e1ab97ce403110664 -> 
  custom:video-decoder-webm-vp8: 9c59270c3fd7afecdb556c50c9e8de78 -> 
  custom:audio-decoder-ogg-vorbis: bf7c407c2cedff20999df2af8eb42d56 -> 
  custom:audio-encoder-webm-vorbis: bf7c407c2cedff20999df2af8eb42d56 -> 
========================================================================
Received Import Request.
  Time since last request: 377.763824 seconds.
  path: Assets/Scripts/DetectCollisions.cs
  artifactKey: Guid(81e62e9a8a22fac478a927ce940e28f7) Importer(815301076,1909f56bfc062723c751e8b465ee728b)
Start importing Assets/Scripts/DetectCollisions.cs using Guid(81e62e9a8a22fac478a927ce940e28f7) Importer(815301076,1909f56bfc062723c751e8b465ee728b)  -> (artifact id: 'e171ba515b4e865db61e321948f0dba4') in 0.015286 seconds 
  Import took 0.018044 seconds .

========================================================================
Received Import Request.
  Time since last request: 80.565657 seconds.
  path: Assets/Scripts/DestroyOutOfBounds.cs
  artifactKey: Guid(2c52ee72091692143869a36cdefe1fd7) Importer(815301076,1909f56bfc062723c751e8b465ee728b)
Start importing Assets/Scripts/DestroyOutOfBounds.cs using Guid(2c52ee72091692143869a36cdefe1fd7) Importer(815301076,1909f56bfc062723c751e8b465ee728b)  -> (artifact id: '9a2e212ec10f8eb44b389e2e3b1f6c18') in 0.005471 seconds 
  Import took 0.008690 seconds .

========================================================================
Received Prepare
Registering precompiled user dll's ...
Registered in 0.003046 seconds.
Begin MonoManager ReloadAssembly
Native extension for WindowsStandalone target not found
Native extension for WebGL target not found
Refreshing native plugins compatible for Editor in 0.31 ms, found 2 plugins.
Preloading 0 native plugins for Editor in 0.00 ms.
Mono: successfully reloaded assembly
- Completed reload, in  1.057 seconds
Domain Reload Profiling:
	ReloadAssembly (1057ms)
		BeginReloadAssembly (122ms)
			ExecutionOrderSort (0ms)
			DisableScriptedObjects (6ms)
			BackupInstance (0ms)
			ReleaseScriptingObjects (0ms)
			CreateAndSetChildDomain (36ms)
		EndReloadAssembly (868ms)
			LoadAssemblies (94ms)
			RebuildTransferFunctionScriptingTraits (0ms)
			SetupTypeCache (301ms)
			ReleaseScriptCaches (3ms)
			RebuildScriptCaches (41ms)
			SetupLoadedEditorAssemblies (288ms)
				LogAssemblyErrors (0ms)
				InitializePlatformSupportModulesInManaged (6ms)
				SetLoadedEditorAssemblies (0ms)
				RefreshPlugins (0ms)
				BeforeProcessingInitializeOnLoad (77ms)
				ProcessInitializeOnLoadAttributes (192ms)
				ProcessInitializeOnLoadMethodAttributes (3ms)
				AfterProcessingInitializeOnLoad (7ms)
				EditorAssembliesLoaded (0ms)
			ExecutionOrderSort2 (0ms)
			AwakeInstancesAfterBackupRestoration (7ms)
Platform modules already initialized, skipping
Refreshing native plugins compatible for Editor in 0.31 ms, found 2 plugins.
Preloading 0 native plugins for Editor in 0.00 ms.
Unloading 1398 Unused Serialized files (Serialized files now loaded: 0)
System memory in use before: 82.9 MB.
System memory in use after: 83.0 MB.

Unloading 11 unused Assets to reduce memory usage. Loaded Objects now: 1889.
Total: 2.637800 ms (FindLiveObjects: 0.154600 ms CreateObjectMapping: 0.047400 ms MarkObjects: 2.416100 ms  DeleteObjects: 0.018400 ms)

AssetImportParameters requested are different than current active one (requested -> active):
  custom:framework-win-MediaFoundation: 216162199b28c13a410421893ffa2e32 -> 
  custom:video-decoder-ogg-theora: a1e56fd34408186e4bbccfd4996cb3dc -> 
  custom:container-muxer-webm: aa71ff27fc2769a1b78a27578f13a17b -> 
  custom:container-demuxer-webm: 4f35f7cbe854078d1ac9338744f61a02 -> 
  custom:container-demuxer-ogg: 62fdf1f143b41e24485cea50d1cbac27 -> 
  custom:video-encoder-webm-vp8: eb34c28f22e8b96e1ab97ce403110664 -> 
  custom:video-decoder-webm-vp8: 9c59270c3fd7afecdb556c50c9e8de78 -> 
  custom:audio-decoder-ogg-vorbis: bf7c407c2cedff20999df2af8eb42d56 -> 
  custom:audio-encoder-webm-vorbis: bf7c407c2cedff20999df2af8eb42d56 -> 
========================================================================
Received Import Request.
  Time since last request: 187.228139 seconds.
  path: Assets/Prefabs/Animal_Fox_02.prefab
  artifactKey: Guid(a738df3c13fc0eb418d128182a6629a3) Importer(815301076,1909f56bfc062723c751e8b465ee728b)
Start importing Assets/Prefabs/Animal_Fox_02.prefab using Guid(a738df3c13fc0eb418d128182a6629a3) Importer(815301076,1909f56bfc062723c751e8b465ee728b)  -> (artifact id: '843e1e12a24ef30e2386649dc72ada6e') in 0.072439 seconds 
  Import took 0.075705 seconds .

========================================================================
Received Import Request.
  Time since last request: 17.624121 seconds.
  path: Assets/Prefabs/Animal_Horse_Brown.prefab
  artifactKey: Guid(cb0002db81cb43f439313830638057d0) Importer(815301076,1909f56bfc062723c751e8b465ee728b)
Start importing Assets/Prefabs/Animal_Horse_Brown.prefab using Guid(cb0002db81cb43f439313830638057d0) Importer(815301076,1909f56bfc062723c751e8b465ee728b)  -> (artifact id: 'bc4763c50e9abdebe607cd1146071d6c') in 0.022294 seconds 
  Import took 0.025324 seconds .

========================================================================
Received Import Request.
  Time since last request: 9.517776 seconds.
  path: Assets/Prefabs/Dog_Doberman_01.prefab
  artifactKey: Guid(8d3d8dab8ab1da54cb4b789c672225a6) Importer(815301076,1909f56bfc062723c751e8b465ee728b)
Start importing Assets/Prefabs/Dog_Doberman_01.prefab using Guid(8d3d8dab8ab1da54cb4b789c672225a6) Importer(815301076,1909f56bfc062723c751e8b465ee728b)  -> (artifact id: '77441d44c2d1fa321e4bd3fc79cf8b21') in 0.064155 seconds 
  Import took 0.072888 seconds .

========================================================================
Received Import Request.
  Time since last request: 15.898075 seconds.
  path: Assets/Prefabs/Food_Sandwich_01.prefab
  artifactKey: Guid(1f5e1433f3f89dc439fc6733460c7445) Importer(815301076,1909f56bfc062723c751e8b465ee728b)
Start importing Assets/Prefabs/Food_Sandwich_01.prefab using Guid(1f5e1433f3f89dc439fc6733460c7445) Importer(815301076,1909f56bfc062723c751e8b465ee728b)  -> (artifact id: 'f24d0fa899a326c7c540ebfb79dea4f8') in 0.022351 seconds 
  Import took 0.026666 seconds .

========================================================================
Received Prepare
Registering precompiled user dll's ...
Registered in 0.005387 seconds.
Begin MonoManager ReloadAssembly
Native extension for WindowsStandalone target not found
Native extension for WebGL target not found
Refreshing native plugins compatible for Editor in 0.31 ms, found 2 plugins.
Preloading 0 native plugins for Editor in 0.00 ms.
Mono: successfully reloaded assembly
- Completed reload, in  1.068 seconds
Domain Reload Profiling:
	ReloadAssembly (1069ms)
		BeginReloadAssembly (138ms)
			ExecutionOrderSort (0ms)
			DisableScriptedObjects (5ms)
			BackupInstance (0ms)
			ReleaseScriptingObjects (0ms)
			CreateAndSetChildDomain (41ms)
		EndReloadAssembly (857ms)
			LoadAssemblies (96ms)
			RebuildTransferFunctionScriptingTraits (0ms)
			SetupTypeCache (288ms)
			ReleaseScriptCaches (1ms)
			RebuildScriptCaches (51ms)
			SetupLoadedEditorAssemblies (323ms)
				LogAssemblyErrors (0ms)
				InitializePlatformSupportModulesInManaged (8ms)
				SetLoadedEditorAssemblies (1ms)
				RefreshPlugins (0ms)
				BeforeProcessingInitializeOnLoad (76ms)
				ProcessInitializeOnLoadAttributes (226ms)
				ProcessInitializeOnLoadMethodAttributes (4ms)
				AfterProcessingInitializeOnLoad (8ms)
				EditorAssembliesLoaded (0ms)
			ExecutionOrderSort2 (0ms)
			AwakeInstancesAfterBackupRestoration (7ms)
Platform modules already initialized, skipping
Refreshing native plugins compatible for Editor in 0.34 ms, found 2 plugins.
Preloading 0 native plugins for Editor in 0.00 ms.
Unloading 1398 Unused Serialized files (Serialized files now loaded: 0)
System memory in use before: 82.9 MB.
System memory in use after: 83.0 MB.

Unloading 11 unused Assets to reduce memory usage. Loaded Objects now: 1892.
Total: 2.751100 ms (FindLiveObjects: 0.158900 ms CreateObjectMapping: 0.052800 ms MarkObjects: 2.520200 ms  DeleteObjects: 0.017600 ms)

AssetImportParameters requested are different than current active one (requested -> active):
  custom:framework-win-MediaFoundation: 216162199b28c13a410421893ffa2e32 -> 
  custom:video-decoder-ogg-theora: a1e56fd34408186e4bbccfd4996cb3dc -> 
  custom:container-muxer-webm: aa71ff27fc2769a1b78a27578f13a17b -> 
  custom:container-demuxer-webm: 4f35f7cbe854078d1ac9338744f61a02 -> 
  custom:container-demuxer-ogg: 62fdf1f143b41e24485cea50d1cbac27 -> 
  custom:video-encoder-webm-vp8: eb34c28f22e8b96e1ab97ce403110664 -> 
  custom:video-decoder-webm-vp8: 9c59270c3fd7afecdb556c50c9e8de78 -> 
  custom:audio-decoder-ogg-vorbis: bf7c407c2cedff20999df2af8eb42d56 -> 
  custom:audio-encoder-webm-vorbis: bf7c407c2cedff20999df2af8eb42d56 -> 
========================================================================
Received Prepare
Registering precompiled user dll's ...
Registered in 0.003127 seconds.
Begin MonoManager ReloadAssembly
Native extension for WindowsStandalone target not found
Native extension for WebGL target not found
Refreshing native plugins compatible for Editor in 0.30 ms, found 2 plugins.
Preloading 0 native plugins for Editor in 0.00 ms.
Mono: successfully reloaded assembly
- Completed reload, in  1.020 seconds
Domain Reload Profiling:
	ReloadAssembly (1020ms)
		BeginReloadAssembly (122ms)
			ExecutionOrderSort (0ms)
			DisableScriptedObjects (5ms)
			BackupInstance (0ms)
			ReleaseScriptingObjects (0ms)
			CreateAndSetChildDomain (32ms)
		EndReloadAssembly (824ms)
			LoadAssemblies (98ms)
			RebuildTransferFunctionScriptingTraits (0ms)
			SetupTypeCache (289ms)
			ReleaseScriptCaches (1ms)
			RebuildScriptCaches (39ms)
			SetupLoadedEditorAssemblies (291ms)
				LogAssemblyErrors (0ms)
				InitializePlatformSupportModulesInManaged (6ms)
				SetLoadedEditorAssemblies (0ms)
				RefreshPlugins (0ms)
				BeforeProcessingInitializeOnLoad (74ms)
				ProcessInitializeOnLoadAttributes (198ms)
				ProcessInitializeOnLoadMethodAttributes (4ms)
				AfterProcessingInitializeOnLoad (8ms)
				EditorAssembliesLoaded (0ms)
			ExecutionOrderSort2 (0ms)
			AwakeInstancesAfterBackupRestoration (7ms)
Platform modules already initialized, skipping
Refreshing native plugins compatible for Editor in 0.32 ms, found 2 plugins.
Preloading 0 native plugins for Editor in 0.00 ms.
Unloading 1398 Unused Serialized files (Serialized files now loaded: 0)
System memory in use before: 82.9 MB.
System memory in use after: 83.0 MB.

Unloading 11 unused Assets to reduce memory usage. Loaded Objects now: 1894.
Total: 2.689800 ms (FindLiveObjects: 0.155000 ms CreateObjectMapping: 0.074800 ms MarkObjects: 2.439500 ms  DeleteObjects: 0.018800 ms)

AssetImportParameters requested are different than current active one (requested -> active):
  custom:framework-win-MediaFoundation: 216162199b28c13a410421893ffa2e32 -> 
  custom:video-decoder-ogg-theora: a1e56fd34408186e4bbccfd4996cb3dc -> 
  custom:container-muxer-webm: aa71ff27fc2769a1b78a27578f13a17b -> 
  custom:container-demuxer-webm: 4f35f7cbe854078d1ac9338744f61a02 -> 
  custom:container-demuxer-ogg: 62fdf1f143b41e24485cea50d1cbac27 -> 
  custom:video-encoder-webm-vp8: eb34c28f22e8b96e1ab97ce403110664 -> 
  custom:video-decoder-webm-vp8: 9c59270c3fd7afecdb556c50c9e8de78 -> 
  custom:audio-decoder-ogg-vorbis: bf7c407c2cedff20999df2af8eb42d56 -> 
  custom:audio-encoder-webm-vorbis: bf7c407c2cedff20999df2af8eb42d56 -> 
========================================================================
Received Prepare
Registering precompiled user dll's ...
Registered in 0.004367 seconds.
Begin MonoManager ReloadAssembly
Native extension for WindowsStandalone target not found
Native extension for WebGL target not found
Refreshing native plugins compatible for Editor in 0.30 ms, found 2 plugins.
Preloading 0 native plugins for Editor in 0.00 ms.
Mono: successfully reloaded assembly
- Completed reload, in  1.027 seconds
Domain Reload Profiling:
	ReloadAssembly (1027ms)
		BeginReloadAssembly (115ms)
			ExecutionOrderSort (0ms)
			DisableScriptedObjects (5ms)
			BackupInstance (0ms)
			ReleaseScriptingObjects (0ms)
			CreateAndSetChildDomain (29ms)
		EndReloadAssembly (843ms)
			LoadAssemblies (103ms)
			RebuildTransferFunctionScriptingTraits (0ms)
			SetupTypeCache (308ms)
			ReleaseScriptCaches (1ms)
			RebuildScriptCaches (37ms)
			SetupLoadedEditorAssemblies (291ms)
				LogAssemblyErrors (0ms)
				InitializePlatformSupportModulesInManaged (6ms)
				SetLoadedEditorAssemblies (0ms)
				RefreshPlugins (0ms)
				BeforeProcessingInitializeOnLoad (74ms)
				ProcessInitializeOnLoadAttributes (199ms)
				ProcessInitializeOnLoadMethodAttributes (3ms)
				AfterProcessingInitializeOnLoad (8ms)
				EditorAssembliesLoaded (0ms)
			ExecutionOrderSort2 (0ms)
			AwakeInstancesAfterBackupRestoration (7ms)
Platform modules already initialized, skipping
Refreshing native plugins compatible for Editor in 0.30 ms, found 2 plugins.
Preloading 0 native plugins for Editor in 0.00 ms.
Unloading 1398 Unused Serialized files (Serialized files now loaded: 0)
System memory in use before: 82.9 MB.
System memory in use after: 83.0 MB.

Unloading 11 unused Assets to reduce memory usage. Loaded Objects now: 1896.
Total: 2.715300 ms (FindLiveObjects: 0.147300 ms CreateObjectMapping: 0.045700 ms MarkObjects: 2.496700 ms  DeleteObjects: 0.024300 ms)

AssetImportParameters requested are different than current active one (requested -> active):
  custom:framework-win-MediaFoundation: 216162199b28c13a410421893ffa2e32 -> 
  custom:video-decoder-ogg-theora: a1e56fd34408186e4bbccfd4996cb3dc -> 
  custom:container-muxer-webm: aa71ff27fc2769a1b78a27578f13a17b -> 
  custom:container-demuxer-webm: 4f35f7cbe854078d1ac9338744f61a02 -> 
  custom:container-demuxer-ogg: 62fdf1f143b41e24485cea50d1cbac27 -> 
  custom:video-encoder-webm-vp8: eb34c28f22e8b96e1ab97ce403110664 -> 
  custom:video-decoder-webm-vp8: 9c59270c3fd7afecdb556c50c9e8de78 -> 
  custom:audio-decoder-ogg-vorbis: bf7c407c2cedff20999df2af8eb42d56 -> 
  custom:audio-encoder-webm-vorbis: bf7c407c2cedff20999df2af8eb42d56 -> 
========================================================================
Received Prepare
Registering precompiled user dll's ...
Registered in 0.015150 seconds.
Begin MonoManager ReloadAssembly
Native extension for WindowsStandalone target not found
Native extension for WebGL target not found
Refreshing native plugins compatible for Editor in 0.30 ms, found 2 plugins.
Preloading 0 native plugins for Editor in 0.00 ms.
Mono: successfully reloaded assembly
- Completed reload, in  1.458 seconds
Domain Reload Profiling:
	ReloadAssembly (1459ms)
		BeginReloadAssembly (183ms)
			ExecutionOrderSort (0ms)
			DisableScriptedObjects (9ms)
			BackupInstance (0ms)
			ReleaseScriptingObjects (0ms)
			CreateAndSetChildDomain (51ms)
		EndReloadAssembly (1148ms)
			LoadAssemblies (173ms)
			RebuildTransferFunctionScriptingTraits (0ms)
			SetupTypeCache (491ms)
			ReleaseScriptCaches (1ms)
			RebuildScriptCaches (92ms)
			SetupLoadedEditorAssemblies (268ms)
				LogAssemblyErrors (0ms)
				InitializePlatformSupportModulesInManaged (6ms)
				SetLoadedEditorAssemblies (0ms)
				RefreshPlugins (0ms)
				BeforeProcessingInitializeOnLoad (71ms)
				ProcessInitializeOnLoadAttributes (180ms)
				ProcessInitializeOnLoadMethodAttributes (3ms)
				AfterProcessingInitializeOnLoad (7ms)
				EditorAssembliesLoaded (0ms)
			ExecutionOrderSort2 (0ms)
			AwakeInstancesAfterBackupRestoration (7ms)
Platform modules already initialized, skipping
Refreshing native plugins compatible for Editor in 0.30 ms, found 2 plugins.
Preloading 0 native plugins for Editor in 0.00 ms.
Unloading 1398 Unused Serialized files (Serialized files now loaded: 0)
System memory in use before: 82.9 MB.
System memory in use after: 83.0 MB.

Unloading 11 unused Assets to reduce memory usage. Loaded Objects now: 1898.
Total: 2.652400 ms (FindLiveObjects: 0.165300 ms CreateObjectMapping: 0.052800 ms MarkObjects: 2.416200 ms  DeleteObjects: 0.016800 ms)

AssetImportParameters requested are different than current active one (requested -> active):
  custom:framework-win-MediaFoundation: 216162199b28c13a410421893ffa2e32 -> 
  custom:video-decoder-ogg-theora: a1e56fd34408186e4bbccfd4996cb3dc -> 
  custom:container-muxer-webm: aa71ff27fc2769a1b78a27578f13a17b -> 
  custom:container-demuxer-webm: 4f35f7cbe854078d1ac9338744f61a02 -> 
  custom:container-demuxer-ogg: 62fdf1f143b41e24485cea50d1cbac27 -> 
  custom:video-encoder-webm-vp8: eb34c28f22e8b96e1ab97ce403110664 -> 
  custom:video-decoder-webm-vp8: 9c59270c3fd7afecdb556c50c9e8de78 -> 
  custom:audio-decoder-ogg-vorbis: bf7c407c2cedff20999df2af8eb42d56 -> 
  custom:audio-encoder-webm-vorbis: bf7c407c2cedff20999df2af8eb42d56 -> 
========================================================================
Received Prepare
Registering precompiled user dll's ...
Registered in 0.003191 seconds.
Begin MonoManager ReloadAssembly
Native extension for WindowsStandalone target not found
Native extension for WebGL target not found
Refreshing native plugins compatible for Editor in 0.31 ms, found 2 plugins.
Preloading 0 native plugins for Editor in 0.00 ms.
Mono: successfully reloaded assembly
- Completed reload, in  1.045 seconds
Domain Reload Profiling:
	ReloadAssembly (1045ms)
		BeginReloadAssembly (117ms)
			ExecutionOrderSort (0ms)
			DisableScriptedObjects (4ms)
			BackupInstance (0ms)
			ReleaseScriptingObjects (0ms)
			CreateAndSetChildDomain (30ms)
		EndReloadAssembly (859ms)
			LoadAssemblies (97ms)
			RebuildTransferFunctionScriptingTraits (0ms)
			SetupTypeCache (292ms)
			ReleaseScriptCaches (1ms)
			RebuildScriptCaches (40ms)
			SetupLoadedEditorAssemblies (310ms)
				LogAssemblyErrors (0ms)
				InitializePlatformSupportModulesInManaged (6ms)
				SetLoadedEditorAssemblies (0ms)
				RefreshPlugins (0ms)
				BeforeProcessingInitializeOnLoad (78ms)
				ProcessInitializeOnLoadAttributes (213ms)
				ProcessInitializeOnLoadMethodAttributes (3ms)
				AfterProcessingInitializeOnLoad (9ms)
				EditorAssembliesLoaded (0ms)
			ExecutionOrderSort2 (0ms)
			AwakeInstancesAfterBackupRestoration (7ms)
Platform modules already initialized, skipping
Refreshing native plugins compatible for Editor in 0.47 ms, found 2 plugins.
Preloading 0 native plugins for Editor in 0.00 ms.
Unloading 1398 Unused Serialized files (Serialized files now loaded: 0)
System memory in use before: 82.9 MB.
System memory in use after: 83.0 MB.

Unloading 11 unused Assets to reduce memory usage. Loaded Objects now: 1900.
Total: 3.210000 ms (FindLiveObjects: 0.165100 ms CreateObjectMapping: 0.051100 ms MarkObjects: 2.973900 ms  DeleteObjects: 0.018400 ms)

AssetImportParameters requested are different than current active one (requested -> active):
  custom:framework-win-MediaFoundation: 216162199b28c13a410421893ffa2e32 -> 
  custom:video-decoder-ogg-theora: a1e56fd34408186e4bbccfd4996cb3dc -> 
  custom:container-muxer-webm: aa71ff27fc2769a1b78a27578f13a17b -> 
  custom:container-demuxer-webm: 4f35f7cbe854078d1ac9338744f61a02 -> 
  custom:container-demuxer-ogg: 62fdf1f143b41e24485cea50d1cbac27 -> 
  custom:video-encoder-webm-vp8: eb34c28f22e8b96e1ab97ce403110664 -> 
  custom:video-decoder-webm-vp8: 9c59270c3fd7afecdb556c50c9e8de78 -> 
  custom:audio-decoder-ogg-vorbis: bf7c407c2cedff20999df2af8eb42d56 -> 
  custom:audio-encoder-webm-vorbis: bf7c407c2cedff20999df2af8eb42d56 -> 
========================================================================
Received Prepare
Registering precompiled user dll's ...
Registered in 0.003266 seconds.
Begin MonoManager ReloadAssembly
Native extension for WindowsStandalone target not found
Native extension for WebGL target not found
Refreshing native plugins compatible for Editor in 0.31 ms, found 2 plugins.
Preloading 0 native plugins for Editor in 0.00 ms.
Mono: successfully reloaded assembly
- Completed reload, in  0.909 seconds
Domain Reload Profiling:
	ReloadAssembly (909ms)
		BeginReloadAssembly (104ms)
			ExecutionOrderSort (0ms)
			DisableScriptedObjects (4ms)
			BackupInstance (0ms)
			ReleaseScriptingObjects (0ms)
			CreateAndSetChildDomain (29ms)
		EndReloadAssembly (743ms)
			LoadAssemblies (83ms)
			RebuildTransferFunctionScriptingTraits (0ms)
			SetupTypeCache (256ms)
			ReleaseScriptCaches (1ms)
			RebuildScriptCaches (35ms)
			SetupLoadedEditorAssemblies (271ms)
				LogAssemblyErrors (0ms)
				InitializePlatformSupportModulesInManaged (6ms)
				SetLoadedEditorAssemblies (0ms)
				RefreshPlugins (0ms)
				BeforeProcessingInitializeOnLoad (72ms)
				ProcessInitializeOnLoadAttributes (182ms)
				ProcessInitializeOnLoadMethodAttributes (3ms)
				AfterProcessingInitializeOnLoad (7ms)
				EditorAssembliesLoaded (0ms)
			ExecutionOrderSort2 (0ms)
			AwakeInstancesAfterBackupRestoration (7ms)
Platform modules already initialized, skipping
Refreshing native plugins compatible for Editor in 0.32 ms, found 2 plugins.
Preloading 0 native plugins for Editor in 0.00 ms.
Unloading 1398 Unused Serialized files (Serialized files now loaded: 0)
System memory in use before: 82.9 MB.
System memory in use after: 83.0 MB.

Unloading 11 unused Assets to reduce memory usage. Loaded Objects now: 1902.
Total: 2.710400 ms (FindLiveObjects: 0.148500 ms CreateObjectMapping: 0.047000 ms MarkObjects: 2.491600 ms  DeleteObjects: 0.022000 ms)

AssetImportParameters requested are different than current active one (requested -> active):
  custom:framework-win-MediaFoundation: 216162199b28c13a410421893ffa2e32 -> 
  custom:video-decoder-ogg-theora: a1e56fd34408186e4bbccfd4996cb3dc -> 
  custom:container-muxer-webm: aa71ff27fc2769a1b78a27578f13a17b -> 
  custom:container-demuxer-webm: 4f35f7cbe854078d1ac9338744f61a02 -> 
  custom:container-demuxer-ogg: 62fdf1f143b41e24485cea50d1cbac27 -> 
  custom:video-encoder-webm-vp8: eb34c28f22e8b96e1ab97ce403110664 -> 
  custom:video-decoder-webm-vp8: 9c59270c3fd7afecdb556c50c9e8de78 -> 
  custom:audio-decoder-ogg-vorbis: bf7c407c2cedff20999df2af8eb42d56 -> 
  custom:audio-encoder-webm-vorbis: bf7c407c2cedff20999df2af8eb42d56 -> 
AssetImportWorkerClient::OnTransportError - code=2 error=End of file
